

================================================================
== Vivado HLS Report for 'add'
================================================================
* Date:           Sun Nov 20 13:40:24 2016

* Version:        2016.3 (Build 1682563 on Mon Oct 10 19:41:59 MDT 2016)
* Project:        hls_adder
* Solution:       solution1
* Product family: zynq
* Target device:  xc7z020clg484-1


================================================================
== Performance Estimates
================================================================
+ Timing (ns): 
    * Summary: 
    +--------+-------+----------+------------+
    |  Clock | Target| Estimated| Uncertainty|
    +--------+-------+----------+------------+
    |ap_clk  |  10.00|      3.44|        1.25|
    +--------+-------+----------+------------+

+ Latency (clock cycles): 
    * Summary: 
    +-----+-----+-----+-----+---------+
    |  Latency  |  Interval | Pipeline|
    | min | max | min | max |   Type  |
    +-----+-----+-----+-----+---------+
    |    0|    0|    1|    1|   none  |
    +-----+-----+-----+-----+---------+

    + Detail: 
        * Instance: 
        N/A

        * Loop: 
        N/A



================================================================
== Utilization Estimates
================================================================
* Summary: 
+-----------------+---------+-------+--------+-------+
|       Name      | BRAM_18K| DSP48E|   FF   |  LUT  |
+-----------------+---------+-------+--------+-------+
|DSP              |        -|      -|       -|      -|
|Expression       |        -|      -|       0|     32|
|FIFO             |        -|      -|       -|      -|
|Instance         |        0|      -|     144|    232|
|Memory           |        -|      -|       -|      -|
|Multiplexer      |        -|      -|       -|      -|
|Register         |        -|      -|       -|      -|
+-----------------+---------+-------+--------+-------+
|Total            |        0|      0|     144|    264|
+-----------------+---------+-------+--------+-------+
|Available        |      280|    220|  106400|  53200|
+-----------------+---------+-------+--------+-------+
|Utilization (%)  |        0|      0|   ~0   |   ~0  |
+-----------------+---------+-------+--------+-------+

+ Detail: 
    * Instance: 
    +----------------------+--------------------+---------+-------+-----+-----+
    |       Instance       |       Module       | BRAM_18K| DSP48E|  FF | LUT |
    +----------------------+--------------------+---------+-------+-----+-----+
    |add_AXILiteS_s_axi_U  |add_AXILiteS_s_axi  |        0|      0|  144|  232|
    +----------------------+--------------------+---------+-------+-----+-----+
    |Total                 |                    |        0|      0|  144|  232|
    +----------------------+--------------------+---------+-------+-----+-----+

    * DSP48: 
    N/A

    * Memory: 
    N/A

    * FIFO: 
    N/A

    * Expression: 
    +--------------+----------+-------+---+----+------------+------------+
    | Variable Name| Operation| DSP48E| FF| LUT| Bitwidth P0| Bitwidth P1|
    +--------------+----------+-------+---+----+------------+------------+
    |ap_return     |     +    |      0|  0|  32|          32|          32|
    +--------------+----------+-------+---+----+------------+------------+
    |Total         |          |      0|  0|  32|          32|          32|
    +--------------+----------+-------+---+----+------------+------------+

    * Multiplexer: 
    N/A

    * Register: 
    N/A



================================================================
== Interface
================================================================
* Summary: 
+------------------------+-----+-----+------------+--------------+--------------+
|        RTL Ports       | Dir | Bits|  Protocol  | Source Object|    C Type    |
+------------------------+-----+-----+------------+--------------+--------------+
|s_axi_AXILiteS_AWVALID  |  in |    1|    s_axi   |   AXILiteS   |    scalar    |
|s_axi_AXILiteS_AWREADY  | out |    1|    s_axi   |   AXILiteS   |    scalar    |
|s_axi_AXILiteS_AWADDR   |  in |    6|    s_axi   |   AXILiteS   |    scalar    |
|s_axi_AXILiteS_WVALID   |  in |    1|    s_axi   |   AXILiteS   |    scalar    |
|s_axi_AXILiteS_WREADY   | out |    1|    s_axi   |   AXILiteS   |    scalar    |
|s_axi_AXILiteS_WDATA    |  in |   32|    s_axi   |   AXILiteS   |    scalar    |
|s_axi_AXILiteS_WSTRB    |  in |    4|    s_axi   |   AXILiteS   |    scalar    |
|s_axi_AXILiteS_ARVALID  |  in |    1|    s_axi   |   AXILiteS   |    scalar    |
|s_axi_AXILiteS_ARREADY  | out |    1|    s_axi   |   AXILiteS   |    scalar    |
|s_axi_AXILiteS_ARADDR   |  in |    6|    s_axi   |   AXILiteS   |    scalar    |
|s_axi_AXILiteS_RVALID   | out |    1|    s_axi   |   AXILiteS   |    scalar    |
|s_axi_AXILiteS_RREADY   |  in |    1|    s_axi   |   AXILiteS   |    scalar    |
|s_axi_AXILiteS_RDATA    | out |   32|    s_axi   |   AXILiteS   |    scalar    |
|s_axi_AXILiteS_RRESP    | out |    2|    s_axi   |   AXILiteS   |    scalar    |
|s_axi_AXILiteS_BVALID   | out |    1|    s_axi   |   AXILiteS   |    scalar    |
|s_axi_AXILiteS_BREADY   |  in |    1|    s_axi   |   AXILiteS   |    scalar    |
|s_axi_AXILiteS_BRESP    | out |    2|    s_axi   |   AXILiteS   |    scalar    |
|ap_clk                  |  in |    1| ap_ctrl_hs |      add     | return value |
|ap_rst_n                |  in |    1| ap_ctrl_hs |      add     | return value |
|interrupt               | out |    1| ap_ctrl_hs |      add     | return value |
+------------------------+-----+-----+------------+--------------+--------------+

