

================================================================
== Vivado HLS Report for 'image_filter'
================================================================
* Date:           Sat Dec  3 16:51:18 2016

* Version:        2016.3 (Build 1682563 on Mon Oct 10 19:41:59 MDT 2016)
* Project:        mysobel
* Solution:       solution1
* Product family: zynq
* Target device:  xc7z020clg484-1


================================================================
== Performance Estimates
================================================================
+ Timing (ns): 
    * Summary: 
    +--------+-------+----------+------------+
    |  Clock | Target| Estimated| Uncertainty|
    +--------+-------+----------+------------+
    |ap_clk  |  10.00|      9.40|        1.25|
    +--------+-------+----------+------------+

+ Latency (clock cycles): 
    * Summary: 
    +-----+-----+-----+-----+----------+
    |  Latency  |  Interval | Pipeline |
    | min | max | min | max |   Type   |
    +-----+-----+-----+-----+----------+
    |    ?|    ?|    ?|    ?| dataflow |
    +-----+-----+-----+-----+----------+

    + Detail: 
        * Instance: 
        N/A

        * Loop: 
        N/A

============================================================
+ Verbose Summary: Synthesis Manager
============================================================
InlineROM: 1
ExposeGlobal: 0
============================================================
+ Verbose Summary: CDFG Model
============================================================
IsTopModel: 1
ResetActiveHigh: 1
IsCombinational: 2
IsDatapathOnly: 0
HasWiredReturn: 1
HasMFsm: 0
HasVarLatency: 1
IsPipeline: 0
IsRtlPipelined: 0
IsInstanceOverlapped: 0
IsDontTouch: 0
HasImplIP: 0
IsGatedGlobalClock: 0


============================================================
+ Verbose Summary: Schedule
============================================================
* Number of FSM states: 8
* Pipeline: 0
* Dataflow Pipeline: 1
  DF-Pipeline-0: Size = 8, States = { 1 2 3 4 5 6 7 8 }

* FSM state transitions: 
1 --> 
	2  / true
2 --> 
	3  / true
3 --> 
	4  / true
4 --> 
	5  / true
5 --> 
	6  / true
6 --> 
	7  / true
7 --> 
	8  / true
8 --> 
* FSM state operations: 

 <State 1>: 0.00ns
ST_1: c_invert_channel (60)  [1/1] 0.00ns
Mat.exit4:22  %c_invert_channel = alloca i32, align 4

ST_1: c_low_thresh_channel_1 (61)  [1/1] 0.00ns
Mat.exit4:23  %c_low_thresh_channel_1 = alloca i32, align 4

ST_1: c_high_thresh_channe_1 (62)  [1/1] 0.00ns
Mat.exit4:24  %c_high_thresh_channe_1 = alloca i32, align 4

ST_1: C_YR2C1_channel (63)  [1/1] 0.00ns
Mat.exit4:25  %C_YR2C1_channel = alloca i32, align 4

ST_1: C_YR2C0_channel (64)  [1/1] 0.00ns
Mat.exit4:26  %C_YR2C0_channel = alloca i32, align 4

ST_1: C_YR1C2_channel (65)  [1/1] 0.00ns
Mat.exit4:27  %C_YR1C2_channel = alloca i32, align 4

ST_1: C_YR1C1_channel (66)  [1/1] 0.00ns
Mat.exit4:28  %C_YR1C1_channel = alloca i32, align 4

ST_1: C_YR1C0_channel (67)  [1/1] 0.00ns
Mat.exit4:29  %C_YR1C0_channel = alloca i32, align 4

ST_1: C_YR0C2_channel (68)  [1/1] 0.00ns
Mat.exit4:30  %C_YR0C2_channel = alloca i32, align 4

ST_1: C_YR0C1_channel (69)  [1/1] 0.00ns
Mat.exit4:31  %C_YR0C1_channel = alloca i32, align 4

ST_1: C_YR0C0_channel (70)  [1/1] 0.00ns
Mat.exit4:32  %C_YR0C0_channel = alloca i32, align 4

ST_1: C_XR2C2_channel (71)  [1/1] 0.00ns
Mat.exit4:33  %C_XR2C2_channel = alloca i32, align 4

ST_1: C_XR2C1_channel (72)  [1/1] 0.00ns
Mat.exit4:34  %C_XR2C1_channel = alloca i32, align 4

ST_1: C_XR2C0_channel (73)  [1/1] 0.00ns
Mat.exit4:35  %C_XR2C0_channel = alloca i32, align 4

ST_1: C_XR1C2_channel (74)  [1/1] 0.00ns
Mat.exit4:36  %C_XR1C2_channel = alloca i32, align 4

ST_1: C_XR1C1_channel (75)  [1/1] 0.00ns
Mat.exit4:37  %C_XR1C1_channel = alloca i32, align 4

ST_1: C_XR1C0_channel (76)  [1/1] 0.00ns
Mat.exit4:38  %C_XR1C0_channel = alloca i32, align 4

ST_1: C_XR0C2_channel (77)  [1/1] 0.00ns
Mat.exit4:39  %C_XR0C2_channel = alloca i32, align 4

ST_1: C_XR0C1_channel (78)  [1/1] 0.00ns
Mat.exit4:40  %C_XR0C1_channel = alloca i32, align 4

ST_1: C_XR0C0_channel (79)  [1/1] 0.00ns
Mat.exit4:41  %C_XR0C0_channel = alloca i32, align 4

ST_1: img_0_data_stream_0 (119)  [1/1] 0.00ns  loc: mysobel/solution1/top.cpp:201
Mat.exit4:81  %img_0_data_stream_0 = alloca i8, align 1

ST_1: img_0_data_stream_1 (122)  [1/1] 0.00ns  loc: mysobel/solution1/top.cpp:201
Mat.exit4:84  %img_0_data_stream_1 = alloca i8, align 1

ST_1: img_1_data_stream_0 (125)  [1/1] 0.00ns  loc: mysobel/solution1/top.cpp:202
Mat.exit4:87  %img_1_data_stream_0 = alloca i8, align 1

ST_1: img_1_data_stream_1 (128)  [1/1] 0.00ns  loc: mysobel/solution1/top.cpp:202
Mat.exit4:90  %img_1_data_stream_1 = alloca i8, align 1


 <State 2>: 5.38ns
ST_2: c_invert_read (38)  [1/1] 1.00ns
Mat.exit4:0  %c_invert_read = call i32 @_ssdm_op_Read.s_axilite.i32(i32 %c_invert)

ST_2: c_low_thresh_read (39)  [1/1] 1.00ns
Mat.exit4:1  %c_low_thresh_read = call i32 @_ssdm_op_Read.s_axilite.i32(i32 %c_low_thresh)

ST_2: c_high_thresh_read (40)  [1/1] 1.00ns
Mat.exit4:2  %c_high_thresh_read = call i32 @_ssdm_op_Read.s_axilite.i32(i32 %c_high_thresh)

ST_2: C_YR2C1_read (41)  [1/1] 1.00ns
Mat.exit4:3  %C_YR2C1_read = call i32 @_ssdm_op_Read.s_axilite.i32(i32 %C_YR2C1)

ST_2: C_YR2C0_read (42)  [1/1] 1.00ns
Mat.exit4:4  %C_YR2C0_read = call i32 @_ssdm_op_Read.s_axilite.i32(i32 %C_YR2C0)

ST_2: C_YR1C2_read (43)  [1/1] 1.00ns
Mat.exit4:5  %C_YR1C2_read = call i32 @_ssdm_op_Read.s_axilite.i32(i32 %C_YR1C2)

ST_2: C_YR1C1_read (44)  [1/1] 1.00ns
Mat.exit4:6  %C_YR1C1_read = call i32 @_ssdm_op_Read.s_axilite.i32(i32 %C_YR1C1)

ST_2: C_YR1C0_read (45)  [1/1] 1.00ns
Mat.exit4:7  %C_YR1C0_read = call i32 @_ssdm_op_Read.s_axilite.i32(i32 %C_YR1C0)

ST_2: C_YR0C2_read (46)  [1/1] 1.00ns
Mat.exit4:8  %C_YR0C2_read = call i32 @_ssdm_op_Read.s_axilite.i32(i32 %C_YR0C2)

ST_2: C_YR0C1_read (47)  [1/1] 1.00ns
Mat.exit4:9  %C_YR0C1_read = call i32 @_ssdm_op_Read.s_axilite.i32(i32 %C_YR0C1)

ST_2: C_YR0C0_read (48)  [1/1] 1.00ns
Mat.exit4:10  %C_YR0C0_read = call i32 @_ssdm_op_Read.s_axilite.i32(i32 %C_YR0C0)

ST_2: C_XR2C2_read (49)  [1/1] 1.00ns
Mat.exit4:11  %C_XR2C2_read = call i32 @_ssdm_op_Read.s_axilite.i32(i32 %C_XR2C2)

ST_2: C_XR2C1_read (50)  [1/1] 1.00ns
Mat.exit4:12  %C_XR2C1_read = call i32 @_ssdm_op_Read.s_axilite.i32(i32 %C_XR2C1)

ST_2: C_XR2C0_read (51)  [1/1] 1.00ns
Mat.exit4:13  %C_XR2C0_read = call i32 @_ssdm_op_Read.s_axilite.i32(i32 %C_XR2C0)

ST_2: C_XR1C2_read (52)  [1/1] 1.00ns
Mat.exit4:14  %C_XR1C2_read = call i32 @_ssdm_op_Read.s_axilite.i32(i32 %C_XR1C2)

ST_2: C_XR1C1_read (53)  [1/1] 1.00ns
Mat.exit4:15  %C_XR1C1_read = call i32 @_ssdm_op_Read.s_axilite.i32(i32 %C_XR1C1)

ST_2: C_XR1C0_read (54)  [1/1] 1.00ns
Mat.exit4:16  %C_XR1C0_read = call i32 @_ssdm_op_Read.s_axilite.i32(i32 %C_XR1C0)

ST_2: C_XR0C2_read (55)  [1/1] 1.00ns
Mat.exit4:17  %C_XR0C2_read = call i32 @_ssdm_op_Read.s_axilite.i32(i32 %C_XR0C2)

ST_2: C_XR0C1_read (56)  [1/1] 1.00ns
Mat.exit4:18  %C_XR0C1_read = call i32 @_ssdm_op_Read.s_axilite.i32(i32 %C_XR0C1)

ST_2: C_XR0C0_read (57)  [1/1] 1.00ns
Mat.exit4:19  %C_XR0C0_read = call i32 @_ssdm_op_Read.s_axilite.i32(i32 %C_XR0C0)

ST_2: cols_read (58)  [1/1] 1.00ns
Mat.exit4:20  %cols_read = call i32 @_ssdm_op_Read.ap_stable.i32(i32 %cols)

ST_2: rows_read (59)  [1/1] 1.00ns
Mat.exit4:21  %rows_read = call i32 @_ssdm_op_Read.ap_stable.i32(i32 %rows)

ST_2: StgValue_55 (199)  [2/2] 4.38ns
Mat.exit4:161  call void @AXIvideo2Mat44(i16* %INPUT_STREAM_V_data_V, i2* %INPUT_STREAM_V_keep_V, i2* %INPUT_STREAM_V_strb_V, i1* %INPUT_STREAM_V_user_V, i1* %INPUT_STREAM_V_last_V, i1* %INPUT_STREAM_V_id_V, i1* %INPUT_STREAM_V_dest_V, i32 %rows_read, i32 %cols_read, i8* %img_0_data_stream_0, i8* %img_0_data_stream_1, i32 %C_XR0C0_read, i32 %C_XR0C1_read, i32 %C_XR0C2_read, i32 %C_XR1C0_read, i32 %C_XR1C1_read, i32 %C_XR1C2_read, i32 %C_XR2C0_read, i32 %C_XR2C1_read, i32 %C_XR2C2_read, i32 %C_YR0C0_read, i32 %C_YR0C1_read, i32 %C_YR0C2_read, i32 %C_YR1C0_read, i32 %C_YR1C1_read, i32 %C_YR1C2_read, i32 %C_YR2C0_read, i32 %C_YR2C1_read, i32 %c_high_thresh_read, i32 %c_low_thresh_read, i32 %c_invert_read, i32* %C_XR0C0_channel, i32* %C_XR0C1_channel, i32* %C_XR0C2_channel, i32* %C_XR1C0_channel, i32* %C_XR1C1_channel, i32* %C_XR1C2_channel, i32* %C_XR2C0_channel, i32* %C_XR2C1_channel, i32* %C_XR2C2_channel, i32* %C_YR0C0_channel, i32* %C_YR0C1_channel, i32* %C_YR0C2_channel, i32* %C_YR1C0_channel, i32* %C_YR1C1_channel, i32* %C_YR1C2_channel, i32* %C_YR2C0_channel, i32* %C_YR2C1_channel, i32* %c_high_thresh_channe_1, i32* %c_low_thresh_channel_1, i32* %c_invert_channel)


 <State 3>: 0.00ns
ST_3: StgValue_56 (199)  [1/2] 0.00ns
Mat.exit4:161  call void @AXIvideo2Mat44(i16* %INPUT_STREAM_V_data_V, i2* %INPUT_STREAM_V_keep_V, i2* %INPUT_STREAM_V_strb_V, i1* %INPUT_STREAM_V_user_V, i1* %INPUT_STREAM_V_last_V, i1* %INPUT_STREAM_V_id_V, i1* %INPUT_STREAM_V_dest_V, i32 %rows_read, i32 %cols_read, i8* %img_0_data_stream_0, i8* %img_0_data_stream_1, i32 %C_XR0C0_read, i32 %C_XR0C1_read, i32 %C_XR0C2_read, i32 %C_XR1C0_read, i32 %C_XR1C1_read, i32 %C_XR1C2_read, i32 %C_XR2C0_read, i32 %C_XR2C1_read, i32 %C_XR2C2_read, i32 %C_YR0C0_read, i32 %C_YR0C1_read, i32 %C_YR0C2_read, i32 %C_YR1C0_read, i32 %C_YR1C1_read, i32 %C_YR1C2_read, i32 %C_YR2C0_read, i32 %C_YR2C1_read, i32 %c_high_thresh_read, i32 %c_low_thresh_read, i32 %c_invert_read, i32* %C_XR0C0_channel, i32* %C_XR0C1_channel, i32* %C_XR0C2_channel, i32* %C_XR1C0_channel, i32* %C_XR1C1_channel, i32* %C_XR1C2_channel, i32* %C_XR2C0_channel, i32* %C_XR2C1_channel, i32* %C_XR2C2_channel, i32* %C_YR0C0_channel, i32* %C_YR0C1_channel, i32* %C_YR0C2_channel, i32* %C_YR1C0_channel, i32* %C_YR1C1_channel, i32* %C_YR1C2_channel, i32* %C_YR2C0_channel, i32* %C_YR2C1_channel, i32* %c_high_thresh_channe_1, i32* %c_low_thresh_channel_1, i32* %c_invert_channel)


 <State 4>: 1.84ns
ST_4: StgValue_57 (200)  [2/2] 1.84ns
Mat.exit4:162  call void @sobel_filter_core(i8* %img_0_data_stream_0, i8* %img_0_data_stream_1, i8* %img_1_data_stream_0, i8* %img_1_data_stream_1, i32 %rows_read, i32 %cols_read, i32* %C_XR0C0_channel, i32* %C_XR0C1_channel, i32* %C_XR0C2_channel, i32* %C_XR1C0_channel, i32* %C_XR1C1_channel, i32* %C_XR1C2_channel, i32* %C_XR2C0_channel, i32* %C_XR2C1_channel, i32* %C_XR2C2_channel, i32* %C_YR0C0_channel, i32* %C_YR0C1_channel, i32* %C_YR0C2_channel, i32* %C_YR1C0_channel, i32* %C_YR1C1_channel, i32* %C_YR1C2_channel, i32* %C_YR2C0_channel, i32* %C_YR2C1_channel, i32* %c_high_thresh_channe_1, i32* %c_low_thresh_channel_1, i32* %c_invert_channel)


 <State 5>: 0.00ns
ST_5: StgValue_58 (200)  [1/2] 0.00ns
Mat.exit4:162  call void @sobel_filter_core(i8* %img_0_data_stream_0, i8* %img_0_data_stream_1, i8* %img_1_data_stream_0, i8* %img_1_data_stream_1, i32 %rows_read, i32 %cols_read, i32* %C_XR0C0_channel, i32* %C_XR0C1_channel, i32* %C_XR0C2_channel, i32* %C_XR1C0_channel, i32* %C_XR1C1_channel, i32* %C_XR1C2_channel, i32* %C_XR2C0_channel, i32* %C_XR2C1_channel, i32* %C_XR2C2_channel, i32* %C_YR0C0_channel, i32* %C_YR0C1_channel, i32* %C_YR0C2_channel, i32* %C_YR1C0_channel, i32* %C_YR1C1_channel, i32* %C_YR1C2_channel, i32* %C_YR2C0_channel, i32* %C_YR2C1_channel, i32* %c_high_thresh_channe_1, i32* %c_low_thresh_channel_1, i32* %c_invert_channel)


 <State 6>: 1.84ns
ST_6: StgValue_59 (201)  [2/2] 1.84ns
Mat.exit4:163  call void @Mat2AXIvideo(i32 %rows_read, i32 %cols_read, i8* %img_1_data_stream_0, i8* %img_1_data_stream_1, i16* %OUTPUT_STREAM_V_data_V, i2* %OUTPUT_STREAM_V_keep_V, i2* %OUTPUT_STREAM_V_strb_V, i1* %OUTPUT_STREAM_V_user_V, i1* %OUTPUT_STREAM_V_last_V, i1* %OUTPUT_STREAM_V_id_V, i1* %OUTPUT_STREAM_V_dest_V)


 <State 7>: 0.00ns
ST_7: StgValue_60 (201)  [1/2] 0.00ns
Mat.exit4:163  call void @Mat2AXIvideo(i32 %rows_read, i32 %cols_read, i8* %img_1_data_stream_0, i8* %img_1_data_stream_1, i16* %OUTPUT_STREAM_V_data_V, i2* %OUTPUT_STREAM_V_keep_V, i2* %OUTPUT_STREAM_V_strb_V, i1* %OUTPUT_STREAM_V_user_V, i1* %OUTPUT_STREAM_V_last_V, i1* %OUTPUT_STREAM_V_id_V, i1* %OUTPUT_STREAM_V_dest_V)


 <State 8>: 0.00ns
ST_8: StgValue_61 (80)  [1/1] 0.00ns  loc: mysobel/solution1/top.cpp:203
Mat.exit4:42  call void (...)* @_ssdm_op_SpecDataflowPipeline(i32 -1, [1 x i8]* @p_str1806) nounwind

ST_8: StgValue_62 (81)  [1/1] 0.00ns
Mat.exit4:43  call void (...)* @_ssdm_op_SpecBitsMap(i16* %INPUT_STREAM_V_data_V), !map !174

ST_8: StgValue_63 (82)  [1/1] 0.00ns
Mat.exit4:44  call void (...)* @_ssdm_op_SpecBitsMap(i2* %INPUT_STREAM_V_keep_V), !map !178

ST_8: StgValue_64 (83)  [1/1] 0.00ns
Mat.exit4:45  call void (...)* @_ssdm_op_SpecBitsMap(i2* %INPUT_STREAM_V_strb_V), !map !182

ST_8: StgValue_65 (84)  [1/1] 0.00ns
Mat.exit4:46  call void (...)* @_ssdm_op_SpecBitsMap(i1* %INPUT_STREAM_V_user_V), !map !186

ST_8: StgValue_66 (85)  [1/1] 0.00ns
Mat.exit4:47  call void (...)* @_ssdm_op_SpecBitsMap(i1* %INPUT_STREAM_V_last_V), !map !190

ST_8: StgValue_67 (86)  [1/1] 0.00ns
Mat.exit4:48  call void (...)* @_ssdm_op_SpecBitsMap(i1* %INPUT_STREAM_V_id_V), !map !194

ST_8: StgValue_68 (87)  [1/1] 0.00ns
Mat.exit4:49  call void (...)* @_ssdm_op_SpecBitsMap(i1* %INPUT_STREAM_V_dest_V), !map !198

ST_8: StgValue_69 (88)  [1/1] 0.00ns
Mat.exit4:50  call void (...)* @_ssdm_op_SpecBitsMap(i16* %OUTPUT_STREAM_V_data_V), !map !202

ST_8: StgValue_70 (89)  [1/1] 0.00ns
Mat.exit4:51  call void (...)* @_ssdm_op_SpecBitsMap(i2* %OUTPUT_STREAM_V_keep_V), !map !206

ST_8: StgValue_71 (90)  [1/1] 0.00ns
Mat.exit4:52  call void (...)* @_ssdm_op_SpecBitsMap(i2* %OUTPUT_STREAM_V_strb_V), !map !210

ST_8: StgValue_72 (91)  [1/1] 0.00ns
Mat.exit4:53  call void (...)* @_ssdm_op_SpecBitsMap(i1* %OUTPUT_STREAM_V_user_V), !map !214

ST_8: StgValue_73 (92)  [1/1] 0.00ns
Mat.exit4:54  call void (...)* @_ssdm_op_SpecBitsMap(i1* %OUTPUT_STREAM_V_last_V), !map !218

ST_8: StgValue_74 (93)  [1/1] 0.00ns
Mat.exit4:55  call void (...)* @_ssdm_op_SpecBitsMap(i1* %OUTPUT_STREAM_V_id_V), !map !222

ST_8: StgValue_75 (94)  [1/1] 0.00ns
Mat.exit4:56  call void (...)* @_ssdm_op_SpecBitsMap(i1* %OUTPUT_STREAM_V_dest_V), !map !226

ST_8: StgValue_76 (95)  [1/1] 0.00ns
Mat.exit4:57  call void (...)* @_ssdm_op_SpecBitsMap(i32 %rows), !map !230

ST_8: StgValue_77 (96)  [1/1] 0.00ns
Mat.exit4:58  call void (...)* @_ssdm_op_SpecBitsMap(i32 %cols), !map !236

ST_8: StgValue_78 (97)  [1/1] 0.00ns
Mat.exit4:59  call void (...)* @_ssdm_op_SpecBitsMap(i32 %C_XR0C0), !map !240

ST_8: StgValue_79 (98)  [1/1] 0.00ns
Mat.exit4:60  call void (...)* @_ssdm_op_SpecBitsMap(i32 %C_XR0C1), !map !244

ST_8: StgValue_80 (99)  [1/1] 0.00ns
Mat.exit4:61  call void (...)* @_ssdm_op_SpecBitsMap(i32 %C_XR0C2), !map !248

ST_8: StgValue_81 (100)  [1/1] 0.00ns
Mat.exit4:62  call void (...)* @_ssdm_op_SpecBitsMap(i32 %C_XR1C0), !map !252

ST_8: StgValue_82 (101)  [1/1] 0.00ns
Mat.exit4:63  call void (...)* @_ssdm_op_SpecBitsMap(i32 %C_XR1C1), !map !256

ST_8: StgValue_83 (102)  [1/1] 0.00ns
Mat.exit4:64  call void (...)* @_ssdm_op_SpecBitsMap(i32 %C_XR1C2), !map !260

ST_8: StgValue_84 (103)  [1/1] 0.00ns
Mat.exit4:65  call void (...)* @_ssdm_op_SpecBitsMap(i32 %C_XR2C0), !map !264

ST_8: StgValue_85 (104)  [1/1] 0.00ns
Mat.exit4:66  call void (...)* @_ssdm_op_SpecBitsMap(i32 %C_XR2C1), !map !268

ST_8: StgValue_86 (105)  [1/1] 0.00ns
Mat.exit4:67  call void (...)* @_ssdm_op_SpecBitsMap(i32 %C_XR2C2), !map !272

ST_8: StgValue_87 (106)  [1/1] 0.00ns
Mat.exit4:68  call void (...)* @_ssdm_op_SpecBitsMap(i32 %C_YR0C0), !map !276

ST_8: StgValue_88 (107)  [1/1] 0.00ns
Mat.exit4:69  call void (...)* @_ssdm_op_SpecBitsMap(i32 %C_YR0C1), !map !280

ST_8: StgValue_89 (108)  [1/1] 0.00ns
Mat.exit4:70  call void (...)* @_ssdm_op_SpecBitsMap(i32 %C_YR0C2), !map !284

ST_8: StgValue_90 (109)  [1/1] 0.00ns
Mat.exit4:71  call void (...)* @_ssdm_op_SpecBitsMap(i32 %C_YR1C0), !map !288

ST_8: StgValue_91 (110)  [1/1] 0.00ns
Mat.exit4:72  call void (...)* @_ssdm_op_SpecBitsMap(i32 %C_YR1C1), !map !292

ST_8: StgValue_92 (111)  [1/1] 0.00ns
Mat.exit4:73  call void (...)* @_ssdm_op_SpecBitsMap(i32 %C_YR1C2), !map !296

ST_8: StgValue_93 (112)  [1/1] 0.00ns
Mat.exit4:74  call void (...)* @_ssdm_op_SpecBitsMap(i32 %C_YR2C0), !map !300

ST_8: StgValue_94 (113)  [1/1] 0.00ns
Mat.exit4:75  call void (...)* @_ssdm_op_SpecBitsMap(i32 %C_YR2C1), !map !304

ST_8: StgValue_95 (114)  [1/1] 0.00ns
Mat.exit4:76  call void (...)* @_ssdm_op_SpecBitsMap(i32 %C_YR2C2), !map !308

ST_8: StgValue_96 (115)  [1/1] 0.00ns
Mat.exit4:77  call void (...)* @_ssdm_op_SpecBitsMap(i32 %c_high_thresh), !map !312

ST_8: StgValue_97 (116)  [1/1] 0.00ns
Mat.exit4:78  call void (...)* @_ssdm_op_SpecBitsMap(i32 %c_low_thresh), !map !316

ST_8: StgValue_98 (117)  [1/1] 0.00ns
Mat.exit4:79  call void (...)* @_ssdm_op_SpecBitsMap(i32 %c_invert), !map !320

ST_8: StgValue_99 (118)  [1/1] 0.00ns
Mat.exit4:80  call void (...)* @_ssdm_op_SpecTopModule([13 x i8]* @image_filter_str) nounwind

ST_8: empty (120)  [1/1] 0.00ns
Mat.exit4:82  %empty = call i32 (...)* @_ssdm_op_SpecChannel([23 x i8]* @img_0_OC_data_stream_1, i32 1, [1 x i8]* @p_str, [1 x i8]* @p_str, i32 1, i32 1, i8* %img_0_data_stream_0, i8* %img_0_data_stream_0)

ST_8: StgValue_101 (121)  [1/1] 0.00ns
Mat.exit4:83  call void (...)* @_ssdm_op_SpecInterface(i8* %img_0_data_stream_0, [8 x i8]* @ap_fifo_str, i32 0, i32 0, [1 x i8]* @p_str, i32 0, i32 0, [1 x i8]* @p_str, [1 x i8]* @p_str, [1 x i8]* @p_str, i32 2, i32 2, i32 16, i32 16, [1 x i8]* @p_str, [1 x i8]* @p_str)

ST_8: empty_13 (123)  [1/1] 0.00ns
Mat.exit4:85  %empty_13 = call i32 (...)* @_ssdm_op_SpecChannel([23 x i8]* @img_0_OC_data_stream, i32 1, [1 x i8]* @p_str, [1 x i8]* @p_str, i32 1, i32 1, i8* %img_0_data_stream_1, i8* %img_0_data_stream_1)

ST_8: StgValue_103 (124)  [1/1] 0.00ns
Mat.exit4:86  call void (...)* @_ssdm_op_SpecInterface(i8* %img_0_data_stream_1, [8 x i8]* @ap_fifo_str, i32 0, i32 0, [1 x i8]* @p_str, i32 0, i32 0, [1 x i8]* @p_str, [1 x i8]* @p_str, [1 x i8]* @p_str, i32 2, i32 2, i32 16, i32 16, [1 x i8]* @p_str, [1 x i8]* @p_str)

ST_8: empty_14 (126)  [1/1] 0.00ns
Mat.exit4:88  %empty_14 = call i32 (...)* @_ssdm_op_SpecChannel([23 x i8]* @img_1_OC_data_stream_1, i32 1, [1 x i8]* @p_str, [1 x i8]* @p_str, i32 1, i32 1, i8* %img_1_data_stream_0, i8* %img_1_data_stream_0)

ST_8: StgValue_105 (127)  [1/1] 0.00ns
Mat.exit4:89  call void (...)* @_ssdm_op_SpecInterface(i8* %img_1_data_stream_0, [8 x i8]* @ap_fifo_str, i32 0, i32 0, [1 x i8]* @p_str, i32 0, i32 0, [1 x i8]* @p_str, [1 x i8]* @p_str, [1 x i8]* @p_str, i32 2, i32 2, i32 16, i32 16, [1 x i8]* @p_str, [1 x i8]* @p_str)

ST_8: empty_15 (129)  [1/1] 0.00ns
Mat.exit4:91  %empty_15 = call i32 (...)* @_ssdm_op_SpecChannel([23 x i8]* @img_1_OC_data_stream, i32 1, [1 x i8]* @p_str, [1 x i8]* @p_str, i32 1, i32 1, i8* %img_1_data_stream_1, i8* %img_1_data_stream_1)

ST_8: StgValue_107 (130)  [1/1] 0.00ns
Mat.exit4:92  call void (...)* @_ssdm_op_SpecInterface(i8* %img_1_data_stream_1, [8 x i8]* @ap_fifo_str, i32 0, i32 0, [1 x i8]* @p_str, i32 0, i32 0, [1 x i8]* @p_str, [1 x i8]* @p_str, [1 x i8]* @p_str, i32 2, i32 2, i32 16, i32 16, [1 x i8]* @p_str, [1 x i8]* @p_str)

ST_8: StgValue_108 (131)  [1/1] 0.00ns  loc: mysobel/solution1/top.cpp:167
Mat.exit4:93  call void (...)* @_ssdm_op_SpecInterface(i16* %INPUT_STREAM_V_data_V, i2* %INPUT_STREAM_V_keep_V, i2* %INPUT_STREAM_V_strb_V, i1* %INPUT_STREAM_V_user_V, i1* %INPUT_STREAM_V_last_V, i1* %INPUT_STREAM_V_id_V, i1* %INPUT_STREAM_V_dest_V, [5 x i8]* @p_str1807, i32 1, i32 1, [5 x i8]* @p_str1808, i32 0, i32 0, [13 x i8]* @p_str1809, [1 x i8]* @p_str1806, [1 x i8]* @p_str1806, i32 0, i32 0, i32 0, i32 0, [1 x i8]* @p_str1806, [1 x i8]* @p_str1806) nounwind

ST_8: StgValue_109 (132)  [1/1] 0.00ns  loc: mysobel/solution1/top.cpp:168
Mat.exit4:94  call void (...)* @_ssdm_op_SpecInterface(i16* %OUTPUT_STREAM_V_data_V, i2* %OUTPUT_STREAM_V_keep_V, i2* %OUTPUT_STREAM_V_strb_V, i1* %OUTPUT_STREAM_V_user_V, i1* %OUTPUT_STREAM_V_last_V, i1* %OUTPUT_STREAM_V_id_V, i1* %OUTPUT_STREAM_V_dest_V, [5 x i8]* @p_str1807, i32 1, i32 1, [5 x i8]* @p_str1808, i32 0, i32 0, [14 x i8]* @p_str1810, [1 x i8]* @p_str1806, [1 x i8]* @p_str1806, i32 0, i32 0, i32 0, i32 0, [1 x i8]* @p_str1806, [1 x i8]* @p_str1806) nounwind

ST_8: StgValue_110 (133)  [1/1] 0.00ns  loc: mysobel/solution1/top.cpp:170
Mat.exit4:95  call void (...)* @_ssdm_op_SpecInterface(i32 %rows, [10 x i8]* @p_str1811, i32 0, i32 0, [1 x i8]* @p_str1806, i32 0, i32 0, [12 x i8]* @p_str1812, [5 x i8]* @p_str1813, [1 x i8]* @p_str1806, i32 0, i32 0, i32 0, i32 0, [1 x i8]* @p_str1806, [1 x i8]* @p_str1806) nounwind

ST_8: StgValue_111 (134)  [1/1] 0.00ns  loc: mysobel/solution1/top.cpp:171
Mat.exit4:96  call void (...)* @_ssdm_op_SpecInterface(i32 %cols, [10 x i8]* @p_str1811, i32 0, i32 0, [1 x i8]* @p_str1806, i32 0, i32 0, [12 x i8]* @p_str1812, [5 x i8]* @p_str1814, [1 x i8]* @p_str1806, i32 0, i32 0, i32 0, i32 0, [1 x i8]* @p_str1806, [1 x i8]* @p_str1806) nounwind

ST_8: StgValue_112 (135)  [1/1] 0.00ns  loc: mysobel/solution1/top.cpp:172
Mat.exit4:97  call void (...)* @_ssdm_op_SpecInterface(i32 0, [10 x i8]* @p_str1811, i32 0, i32 0, [1 x i8]* @p_str1806, i32 0, i32 0, [12 x i8]* @p_str1812, [1 x i8]* @p_str1806, [1 x i8]* @p_str1806, i32 0, i32 0, i32 0, i32 0, [1 x i8]* @p_str1806, [1 x i8]* @p_str1806) nounwind

ST_8: StgValue_113 (136)  [1/1] 0.00ns  loc: mysobel/solution1/top.cpp:174
Mat.exit4:98  call void (...)* @_ssdm_op_SpecInterface(i32 %rows, [10 x i8]* @p_str1815, i32 0, i32 0, [1 x i8]* @p_str1806, i32 0, i32 0, [1 x i8]* @p_str1806, [1 x i8]* @p_str1806, [1 x i8]* @p_str1806, i32 0, i32 0, i32 0, i32 0, [1 x i8]* @p_str1806, [1 x i8]* @p_str1806) nounwind

ST_8: StgValue_114 (137)  [1/1] 0.00ns  loc: mysobel/solution1/top.cpp:175
Mat.exit4:99  call void (...)* @_ssdm_op_SpecInterface(i32 %cols, [10 x i8]* @p_str1815, i32 0, i32 0, [1 x i8]* @p_str1806, i32 0, i32 0, [1 x i8]* @p_str1806, [1 x i8]* @p_str1806, [1 x i8]* @p_str1806, i32 0, i32 0, i32 0, i32 0, [1 x i8]* @p_str1806, [1 x i8]* @p_str1806) nounwind

ST_8: StgValue_115 (138)  [1/1] 0.00ns  loc: mysobel/solution1/top.cpp:177
Mat.exit4:100  call void (...)* @_ssdm_op_SpecInterface(i32 %C_XR0C0, [10 x i8]* @p_str1811, i32 0, i32 0, [1 x i8]* @p_str1806, i32 0, i32 0, [12 x i8]* @p_str1812, [1 x i8]* @p_str1806, [1 x i8]* @p_str1806, i32 0, i32 0, i32 0, i32 0, [1 x i8]* @p_str1806, [1 x i8]* @p_str1806) nounwind

ST_8: StgValue_116 (139)  [1/1] 0.00ns  loc: mysobel/solution1/top.cpp:178
Mat.exit4:101  call void (...)* @_ssdm_op_SpecInterface(i32 %C_XR0C1, [10 x i8]* @p_str1811, i32 0, i32 0, [1 x i8]* @p_str1806, i32 0, i32 0, [12 x i8]* @p_str1812, [1 x i8]* @p_str1806, [1 x i8]* @p_str1806, i32 0, i32 0, i32 0, i32 0, [1 x i8]* @p_str1806, [1 x i8]* @p_str1806) nounwind

ST_8: StgValue_117 (140)  [1/1] 0.00ns  loc: mysobel/solution1/top.cpp:179
Mat.exit4:102  call void (...)* @_ssdm_op_SpecInterface(i32 %C_XR0C2, [10 x i8]* @p_str1811, i32 0, i32 0, [1 x i8]* @p_str1806, i32 0, i32 0, [12 x i8]* @p_str1812, [1 x i8]* @p_str1806, [1 x i8]* @p_str1806, i32 0, i32 0, i32 0, i32 0, [1 x i8]* @p_str1806, [1 x i8]* @p_str1806) nounwind

ST_8: StgValue_118 (141)  [1/1] 0.00ns  loc: mysobel/solution1/top.cpp:180
Mat.exit4:103  call void (...)* @_ssdm_op_SpecInterface(i32 %C_XR1C0, [10 x i8]* @p_str1811, i32 0, i32 0, [1 x i8]* @p_str1806, i32 0, i32 0, [12 x i8]* @p_str1812, [1 x i8]* @p_str1806, [1 x i8]* @p_str1806, i32 0, i32 0, i32 0, i32 0, [1 x i8]* @p_str1806, [1 x i8]* @p_str1806) nounwind

ST_8: StgValue_119 (142)  [1/1] 0.00ns  loc: mysobel/solution1/top.cpp:181
Mat.exit4:104  call void (...)* @_ssdm_op_SpecInterface(i32 %C_XR1C1, [10 x i8]* @p_str1811, i32 0, i32 0, [1 x i8]* @p_str1806, i32 0, i32 0, [12 x i8]* @p_str1812, [1 x i8]* @p_str1806, [1 x i8]* @p_str1806, i32 0, i32 0, i32 0, i32 0, [1 x i8]* @p_str1806, [1 x i8]* @p_str1806) nounwind

ST_8: StgValue_120 (143)  [1/1] 0.00ns  loc: mysobel/solution1/top.cpp:182
Mat.exit4:105  call void (...)* @_ssdm_op_SpecInterface(i32 %C_XR1C2, [10 x i8]* @p_str1811, i32 0, i32 0, [1 x i8]* @p_str1806, i32 0, i32 0, [12 x i8]* @p_str1812, [1 x i8]* @p_str1806, [1 x i8]* @p_str1806, i32 0, i32 0, i32 0, i32 0, [1 x i8]* @p_str1806, [1 x i8]* @p_str1806) nounwind

ST_8: StgValue_121 (144)  [1/1] 0.00ns  loc: mysobel/solution1/top.cpp:183
Mat.exit4:106  call void (...)* @_ssdm_op_SpecInterface(i32 %C_XR2C0, [10 x i8]* @p_str1811, i32 0, i32 0, [1 x i8]* @p_str1806, i32 0, i32 0, [12 x i8]* @p_str1812, [1 x i8]* @p_str1806, [1 x i8]* @p_str1806, i32 0, i32 0, i32 0, i32 0, [1 x i8]* @p_str1806, [1 x i8]* @p_str1806) nounwind

ST_8: StgValue_122 (145)  [1/1] 0.00ns  loc: mysobel/solution1/top.cpp:184
Mat.exit4:107  call void (...)* @_ssdm_op_SpecInterface(i32 %C_XR2C1, [10 x i8]* @p_str1811, i32 0, i32 0, [1 x i8]* @p_str1806, i32 0, i32 0, [12 x i8]* @p_str1812, [1 x i8]* @p_str1806, [1 x i8]* @p_str1806, i32 0, i32 0, i32 0, i32 0, [1 x i8]* @p_str1806, [1 x i8]* @p_str1806) nounwind

ST_8: StgValue_123 (146)  [1/1] 0.00ns  loc: mysobel/solution1/top.cpp:185
Mat.exit4:108  call void (...)* @_ssdm_op_SpecInterface(i32 %C_XR2C2, [10 x i8]* @p_str1811, i32 0, i32 0, [1 x i8]* @p_str1806, i32 0, i32 0, [12 x i8]* @p_str1812, [1 x i8]* @p_str1806, [1 x i8]* @p_str1806, i32 0, i32 0, i32 0, i32 0, [1 x i8]* @p_str1806, [1 x i8]* @p_str1806) nounwind

ST_8: StgValue_124 (147)  [1/1] 0.00ns  loc: mysobel/solution1/top.cpp:187
Mat.exit4:109  call void (...)* @_ssdm_op_SpecInterface(i32 %C_YR0C0, [10 x i8]* @p_str1811, i32 0, i32 0, [1 x i8]* @p_str1806, i32 0, i32 0, [12 x i8]* @p_str1812, [1 x i8]* @p_str1806, [1 x i8]* @p_str1806, i32 0, i32 0, i32 0, i32 0, [1 x i8]* @p_str1806, [1 x i8]* @p_str1806) nounwind

ST_8: StgValue_125 (148)  [1/1] 0.00ns  loc: mysobel/solution1/top.cpp:188
Mat.exit4:110  call void (...)* @_ssdm_op_SpecInterface(i32 %C_YR0C1, [10 x i8]* @p_str1811, i32 0, i32 0, [1 x i8]* @p_str1806, i32 0, i32 0, [12 x i8]* @p_str1812, [1 x i8]* @p_str1806, [1 x i8]* @p_str1806, i32 0, i32 0, i32 0, i32 0, [1 x i8]* @p_str1806, [1 x i8]* @p_str1806) nounwind

ST_8: StgValue_126 (149)  [1/1] 0.00ns  loc: mysobel/solution1/top.cpp:189
Mat.exit4:111  call void (...)* @_ssdm_op_SpecInterface(i32 %C_YR0C2, [10 x i8]* @p_str1811, i32 0, i32 0, [1 x i8]* @p_str1806, i32 0, i32 0, [12 x i8]* @p_str1812, [1 x i8]* @p_str1806, [1 x i8]* @p_str1806, i32 0, i32 0, i32 0, i32 0, [1 x i8]* @p_str1806, [1 x i8]* @p_str1806) nounwind

ST_8: StgValue_127 (150)  [1/1] 0.00ns  loc: mysobel/solution1/top.cpp:190
Mat.exit4:112  call void (...)* @_ssdm_op_SpecInterface(i32 %C_YR1C0, [10 x i8]* @p_str1811, i32 0, i32 0, [1 x i8]* @p_str1806, i32 0, i32 0, [12 x i8]* @p_str1812, [1 x i8]* @p_str1806, [1 x i8]* @p_str1806, i32 0, i32 0, i32 0, i32 0, [1 x i8]* @p_str1806, [1 x i8]* @p_str1806) nounwind

ST_8: StgValue_128 (151)  [1/1] 0.00ns  loc: mysobel/solution1/top.cpp:191
Mat.exit4:113  call void (...)* @_ssdm_op_SpecInterface(i32 %C_YR1C1, [10 x i8]* @p_str1811, i32 0, i32 0, [1 x i8]* @p_str1806, i32 0, i32 0, [12 x i8]* @p_str1812, [1 x i8]* @p_str1806, [1 x i8]* @p_str1806, i32 0, i32 0, i32 0, i32 0, [1 x i8]* @p_str1806, [1 x i8]* @p_str1806) nounwind

ST_8: StgValue_129 (152)  [1/1] 0.00ns  loc: mysobel/solution1/top.cpp:192
Mat.exit4:114  call void (...)* @_ssdm_op_SpecInterface(i32 %C_YR1C2, [10 x i8]* @p_str1811, i32 0, i32 0, [1 x i8]* @p_str1806, i32 0, i32 0, [12 x i8]* @p_str1812, [1 x i8]* @p_str1806, [1 x i8]* @p_str1806, i32 0, i32 0, i32 0, i32 0, [1 x i8]* @p_str1806, [1 x i8]* @p_str1806) nounwind

ST_8: StgValue_130 (153)  [1/1] 0.00ns  loc: mysobel/solution1/top.cpp:193
Mat.exit4:115  call void (...)* @_ssdm_op_SpecInterface(i32 %C_YR2C0, [10 x i8]* @p_str1811, i32 0, i32 0, [1 x i8]* @p_str1806, i32 0, i32 0, [12 x i8]* @p_str1812, [1 x i8]* @p_str1806, [1 x i8]* @p_str1806, i32 0, i32 0, i32 0, i32 0, [1 x i8]* @p_str1806, [1 x i8]* @p_str1806) nounwind

ST_8: StgValue_131 (154)  [1/1] 0.00ns  loc: mysobel/solution1/top.cpp:194
Mat.exit4:116  call void (...)* @_ssdm_op_SpecInterface(i32 %C_YR2C1, [10 x i8]* @p_str1811, i32 0, i32 0, [1 x i8]* @p_str1806, i32 0, i32 0, [12 x i8]* @p_str1812, [1 x i8]* @p_str1806, [1 x i8]* @p_str1806, i32 0, i32 0, i32 0, i32 0, [1 x i8]* @p_str1806, [1 x i8]* @p_str1806) nounwind

ST_8: StgValue_132 (155)  [1/1] 0.00ns  loc: mysobel/solution1/top.cpp:195
Mat.exit4:117  call void (...)* @_ssdm_op_SpecInterface(i32 %C_YR2C2, [10 x i8]* @p_str1811, i32 0, i32 0, [1 x i8]* @p_str1806, i32 0, i32 0, [12 x i8]* @p_str1812, [1 x i8]* @p_str1806, [1 x i8]* @p_str1806, i32 0, i32 0, i32 0, i32 0, [1 x i8]* @p_str1806, [1 x i8]* @p_str1806) nounwind

ST_8: StgValue_133 (156)  [1/1] 0.00ns  loc: mysobel/solution1/top.cpp:197
Mat.exit4:118  call void (...)* @_ssdm_op_SpecInterface(i32 %c_high_thresh, [10 x i8]* @p_str1811, i32 0, i32 0, [1 x i8]* @p_str1806, i32 0, i32 0, [12 x i8]* @p_str1812, [1 x i8]* @p_str1806, [1 x i8]* @p_str1806, i32 0, i32 0, i32 0, i32 0, [1 x i8]* @p_str1806, [1 x i8]* @p_str1806) nounwind

ST_8: StgValue_134 (157)  [1/1] 0.00ns  loc: mysobel/solution1/top.cpp:198
Mat.exit4:119  call void (...)* @_ssdm_op_SpecInterface(i32 %c_low_thresh, [10 x i8]* @p_str1811, i32 0, i32 0, [1 x i8]* @p_str1806, i32 0, i32 0, [12 x i8]* @p_str1812, [1 x i8]* @p_str1806, [1 x i8]* @p_str1806, i32 0, i32 0, i32 0, i32 0, [1 x i8]* @p_str1806, [1 x i8]* @p_str1806) nounwind

ST_8: StgValue_135 (158)  [1/1] 0.00ns  loc: mysobel/solution1/top.cpp:199
Mat.exit4:120  call void (...)* @_ssdm_op_SpecInterface(i32 %c_invert, [10 x i8]* @p_str1811, i32 0, i32 0, [1 x i8]* @p_str1806, i32 0, i32 0, [12 x i8]* @p_str1812, [1 x i8]* @p_str1806, [1 x i8]* @p_str1806, i32 0, i32 0, i32 0, i32 0, [1 x i8]* @p_str1806, [1 x i8]* @p_str1806) nounwind

ST_8: empty_16 (159)  [1/1] 0.00ns
Mat.exit4:121  %empty_16 = call i32 (...)* @_ssdm_op_SpecChannel([16 x i8]* @C_XR0C0_channel_str, i32 1, [1 x i8]* @p_str, [1 x i8]* @p_str, i32 1, i32 0, i32* %C_XR0C0_channel, i32* %C_XR0C0_channel)

ST_8: StgValue_137 (160)  [1/1] 0.00ns
Mat.exit4:122  call void (...)* @_ssdm_op_SpecInterface(i32* %C_XR0C0_channel, [8 x i8]* @ap_fifo_str, i32 0, i32 0, [1 x i8]* @p_str, i32 0, i32 0, [1 x i8]* @p_str, [1 x i8]* @p_str, [1 x i8]* @p_str, i32 2, i32 2, i32 16, i32 16, [1 x i8]* @p_str, [1 x i8]* @p_str)

ST_8: empty_17 (161)  [1/1] 0.00ns
Mat.exit4:123  %empty_17 = call i32 (...)* @_ssdm_op_SpecChannel([16 x i8]* @C_XR0C1_channel_str, i32 1, [1 x i8]* @p_str, [1 x i8]* @p_str, i32 1, i32 0, i32* %C_XR0C1_channel, i32* %C_XR0C1_channel)

ST_8: StgValue_139 (162)  [1/1] 0.00ns
Mat.exit4:124  call void (...)* @_ssdm_op_SpecInterface(i32* %C_XR0C1_channel, [8 x i8]* @ap_fifo_str, i32 0, i32 0, [1 x i8]* @p_str, i32 0, i32 0, [1 x i8]* @p_str, [1 x i8]* @p_str, [1 x i8]* @p_str, i32 2, i32 2, i32 16, i32 16, [1 x i8]* @p_str, [1 x i8]* @p_str)

ST_8: empty_18 (163)  [1/1] 0.00ns
Mat.exit4:125  %empty_18 = call i32 (...)* @_ssdm_op_SpecChannel([16 x i8]* @C_XR0C2_channel_str, i32 1, [1 x i8]* @p_str, [1 x i8]* @p_str, i32 1, i32 0, i32* %C_XR0C2_channel, i32* %C_XR0C2_channel)

ST_8: StgValue_141 (164)  [1/1] 0.00ns
Mat.exit4:126  call void (...)* @_ssdm_op_SpecInterface(i32* %C_XR0C2_channel, [8 x i8]* @ap_fifo_str, i32 0, i32 0, [1 x i8]* @p_str, i32 0, i32 0, [1 x i8]* @p_str, [1 x i8]* @p_str, [1 x i8]* @p_str, i32 2, i32 2, i32 16, i32 16, [1 x i8]* @p_str, [1 x i8]* @p_str)

ST_8: empty_19 (165)  [1/1] 0.00ns
Mat.exit4:127  %empty_19 = call i32 (...)* @_ssdm_op_SpecChannel([16 x i8]* @C_XR1C0_channel_str, i32 1, [1 x i8]* @p_str, [1 x i8]* @p_str, i32 1, i32 0, i32* %C_XR1C0_channel, i32* %C_XR1C0_channel)

ST_8: StgValue_143 (166)  [1/1] 0.00ns
Mat.exit4:128  call void (...)* @_ssdm_op_SpecInterface(i32* %C_XR1C0_channel, [8 x i8]* @ap_fifo_str, i32 0, i32 0, [1 x i8]* @p_str, i32 0, i32 0, [1 x i8]* @p_str, [1 x i8]* @p_str, [1 x i8]* @p_str, i32 2, i32 2, i32 16, i32 16, [1 x i8]* @p_str, [1 x i8]* @p_str)

ST_8: empty_20 (167)  [1/1] 0.00ns
Mat.exit4:129  %empty_20 = call i32 (...)* @_ssdm_op_SpecChannel([16 x i8]* @C_XR1C1_channel_str, i32 1, [1 x i8]* @p_str, [1 x i8]* @p_str, i32 1, i32 0, i32* %C_XR1C1_channel, i32* %C_XR1C1_channel)

ST_8: StgValue_145 (168)  [1/1] 0.00ns
Mat.exit4:130  call void (...)* @_ssdm_op_SpecInterface(i32* %C_XR1C1_channel, [8 x i8]* @ap_fifo_str, i32 0, i32 0, [1 x i8]* @p_str, i32 0, i32 0, [1 x i8]* @p_str, [1 x i8]* @p_str, [1 x i8]* @p_str, i32 2, i32 2, i32 16, i32 16, [1 x i8]* @p_str, [1 x i8]* @p_str)

ST_8: empty_21 (169)  [1/1] 0.00ns
Mat.exit4:131  %empty_21 = call i32 (...)* @_ssdm_op_SpecChannel([16 x i8]* @C_XR1C2_channel_str, i32 1, [1 x i8]* @p_str, [1 x i8]* @p_str, i32 1, i32 0, i32* %C_XR1C2_channel, i32* %C_XR1C2_channel)

ST_8: StgValue_147 (170)  [1/1] 0.00ns
Mat.exit4:132  call void (...)* @_ssdm_op_SpecInterface(i32* %C_XR1C2_channel, [8 x i8]* @ap_fifo_str, i32 0, i32 0, [1 x i8]* @p_str, i32 0, i32 0, [1 x i8]* @p_str, [1 x i8]* @p_str, [1 x i8]* @p_str, i32 2, i32 2, i32 16, i32 16, [1 x i8]* @p_str, [1 x i8]* @p_str)

ST_8: empty_22 (171)  [1/1] 0.00ns
Mat.exit4:133  %empty_22 = call i32 (...)* @_ssdm_op_SpecChannel([16 x i8]* @C_XR2C0_channel_str, i32 1, [1 x i8]* @p_str, [1 x i8]* @p_str, i32 1, i32 0, i32* %C_XR2C0_channel, i32* %C_XR2C0_channel)

ST_8: StgValue_149 (172)  [1/1] 0.00ns
Mat.exit4:134  call void (...)* @_ssdm_op_SpecInterface(i32* %C_XR2C0_channel, [8 x i8]* @ap_fifo_str, i32 0, i32 0, [1 x i8]* @p_str, i32 0, i32 0, [1 x i8]* @p_str, [1 x i8]* @p_str, [1 x i8]* @p_str, i32 2, i32 2, i32 16, i32 16, [1 x i8]* @p_str, [1 x i8]* @p_str)

ST_8: empty_23 (173)  [1/1] 0.00ns
Mat.exit4:135  %empty_23 = call i32 (...)* @_ssdm_op_SpecChannel([16 x i8]* @C_XR2C1_channel_str, i32 1, [1 x i8]* @p_str, [1 x i8]* @p_str, i32 1, i32 0, i32* %C_XR2C1_channel, i32* %C_XR2C1_channel)

ST_8: StgValue_151 (174)  [1/1] 0.00ns
Mat.exit4:136  call void (...)* @_ssdm_op_SpecInterface(i32* %C_XR2C1_channel, [8 x i8]* @ap_fifo_str, i32 0, i32 0, [1 x i8]* @p_str, i32 0, i32 0, [1 x i8]* @p_str, [1 x i8]* @p_str, [1 x i8]* @p_str, i32 2, i32 2, i32 16, i32 16, [1 x i8]* @p_str, [1 x i8]* @p_str)

ST_8: empty_24 (175)  [1/1] 0.00ns
Mat.exit4:137  %empty_24 = call i32 (...)* @_ssdm_op_SpecChannel([16 x i8]* @C_XR2C2_channel_str, i32 1, [1 x i8]* @p_str, [1 x i8]* @p_str, i32 1, i32 0, i32* %C_XR2C2_channel, i32* %C_XR2C2_channel)

ST_8: StgValue_153 (176)  [1/1] 0.00ns
Mat.exit4:138  call void (...)* @_ssdm_op_SpecInterface(i32* %C_XR2C2_channel, [8 x i8]* @ap_fifo_str, i32 0, i32 0, [1 x i8]* @p_str, i32 0, i32 0, [1 x i8]* @p_str, [1 x i8]* @p_str, [1 x i8]* @p_str, i32 2, i32 2, i32 16, i32 16, [1 x i8]* @p_str, [1 x i8]* @p_str)

ST_8: empty_25 (177)  [1/1] 0.00ns
Mat.exit4:139  %empty_25 = call i32 (...)* @_ssdm_op_SpecChannel([16 x i8]* @C_YR0C0_channel_str, i32 1, [1 x i8]* @p_str, [1 x i8]* @p_str, i32 1, i32 0, i32* %C_YR0C0_channel, i32* %C_YR0C0_channel)

ST_8: StgValue_155 (178)  [1/1] 0.00ns
Mat.exit4:140  call void (...)* @_ssdm_op_SpecInterface(i32* %C_YR0C0_channel, [8 x i8]* @ap_fifo_str, i32 0, i32 0, [1 x i8]* @p_str, i32 0, i32 0, [1 x i8]* @p_str, [1 x i8]* @p_str, [1 x i8]* @p_str, i32 2, i32 2, i32 16, i32 16, [1 x i8]* @p_str, [1 x i8]* @p_str)

ST_8: empty_26 (179)  [1/1] 0.00ns
Mat.exit4:141  %empty_26 = call i32 (...)* @_ssdm_op_SpecChannel([16 x i8]* @C_YR0C1_channel_str, i32 1, [1 x i8]* @p_str, [1 x i8]* @p_str, i32 1, i32 0, i32* %C_YR0C1_channel, i32* %C_YR0C1_channel)

ST_8: StgValue_157 (180)  [1/1] 0.00ns
Mat.exit4:142  call void (...)* @_ssdm_op_SpecInterface(i32* %C_YR0C1_channel, [8 x i8]* @ap_fifo_str, i32 0, i32 0, [1 x i8]* @p_str, i32 0, i32 0, [1 x i8]* @p_str, [1 x i8]* @p_str, [1 x i8]* @p_str, i32 2, i32 2, i32 16, i32 16, [1 x i8]* @p_str, [1 x i8]* @p_str)

ST_8: empty_27 (181)  [1/1] 0.00ns
Mat.exit4:143  %empty_27 = call i32 (...)* @_ssdm_op_SpecChannel([16 x i8]* @C_YR0C2_channel_str, i32 1, [1 x i8]* @p_str, [1 x i8]* @p_str, i32 1, i32 0, i32* %C_YR0C2_channel, i32* %C_YR0C2_channel)

ST_8: StgValue_159 (182)  [1/1] 0.00ns
Mat.exit4:144  call void (...)* @_ssdm_op_SpecInterface(i32* %C_YR0C2_channel, [8 x i8]* @ap_fifo_str, i32 0, i32 0, [1 x i8]* @p_str, i32 0, i32 0, [1 x i8]* @p_str, [1 x i8]* @p_str, [1 x i8]* @p_str, i32 2, i32 2, i32 16, i32 16, [1 x i8]* @p_str, [1 x i8]* @p_str)

ST_8: empty_28 (183)  [1/1] 0.00ns
Mat.exit4:145  %empty_28 = call i32 (...)* @_ssdm_op_SpecChannel([16 x i8]* @C_YR1C0_channel_str, i32 1, [1 x i8]* @p_str, [1 x i8]* @p_str, i32 1, i32 0, i32* %C_YR1C0_channel, i32* %C_YR1C0_channel)

ST_8: StgValue_161 (184)  [1/1] 0.00ns
Mat.exit4:146  call void (...)* @_ssdm_op_SpecInterface(i32* %C_YR1C0_channel, [8 x i8]* @ap_fifo_str, i32 0, i32 0, [1 x i8]* @p_str, i32 0, i32 0, [1 x i8]* @p_str, [1 x i8]* @p_str, [1 x i8]* @p_str, i32 2, i32 2, i32 16, i32 16, [1 x i8]* @p_str, [1 x i8]* @p_str)

ST_8: empty_29 (185)  [1/1] 0.00ns
Mat.exit4:147  %empty_29 = call i32 (...)* @_ssdm_op_SpecChannel([16 x i8]* @C_YR1C1_channel_str, i32 1, [1 x i8]* @p_str, [1 x i8]* @p_str, i32 1, i32 0, i32* %C_YR1C1_channel, i32* %C_YR1C1_channel)

ST_8: StgValue_163 (186)  [1/1] 0.00ns
Mat.exit4:148  call void (...)* @_ssdm_op_SpecInterface(i32* %C_YR1C1_channel, [8 x i8]* @ap_fifo_str, i32 0, i32 0, [1 x i8]* @p_str, i32 0, i32 0, [1 x i8]* @p_str, [1 x i8]* @p_str, [1 x i8]* @p_str, i32 2, i32 2, i32 16, i32 16, [1 x i8]* @p_str, [1 x i8]* @p_str)

ST_8: empty_30 (187)  [1/1] 0.00ns
Mat.exit4:149  %empty_30 = call i32 (...)* @_ssdm_op_SpecChannel([16 x i8]* @C_YR1C2_channel_str, i32 1, [1 x i8]* @p_str, [1 x i8]* @p_str, i32 1, i32 0, i32* %C_YR1C2_channel, i32* %C_YR1C2_channel)

ST_8: StgValue_165 (188)  [1/1] 0.00ns
Mat.exit4:150  call void (...)* @_ssdm_op_SpecInterface(i32* %C_YR1C2_channel, [8 x i8]* @ap_fifo_str, i32 0, i32 0, [1 x i8]* @p_str, i32 0, i32 0, [1 x i8]* @p_str, [1 x i8]* @p_str, [1 x i8]* @p_str, i32 2, i32 2, i32 16, i32 16, [1 x i8]* @p_str, [1 x i8]* @p_str)

ST_8: empty_31 (189)  [1/1] 0.00ns
Mat.exit4:151  %empty_31 = call i32 (...)* @_ssdm_op_SpecChannel([16 x i8]* @C_YR2C0_channel_str, i32 1, [1 x i8]* @p_str, [1 x i8]* @p_str, i32 1, i32 0, i32* %C_YR2C0_channel, i32* %C_YR2C0_channel)

ST_8: StgValue_167 (190)  [1/1] 0.00ns
Mat.exit4:152  call void (...)* @_ssdm_op_SpecInterface(i32* %C_YR2C0_channel, [8 x i8]* @ap_fifo_str, i32 0, i32 0, [1 x i8]* @p_str, i32 0, i32 0, [1 x i8]* @p_str, [1 x i8]* @p_str, [1 x i8]* @p_str, i32 2, i32 2, i32 16, i32 16, [1 x i8]* @p_str, [1 x i8]* @p_str)

ST_8: empty_32 (191)  [1/1] 0.00ns
Mat.exit4:153  %empty_32 = call i32 (...)* @_ssdm_op_SpecChannel([16 x i8]* @C_YR2C1_channel_str, i32 1, [1 x i8]* @p_str, [1 x i8]* @p_str, i32 1, i32 0, i32* %C_YR2C1_channel, i32* %C_YR2C1_channel)

ST_8: StgValue_169 (192)  [1/1] 0.00ns
Mat.exit4:154  call void (...)* @_ssdm_op_SpecInterface(i32* %C_YR2C1_channel, [8 x i8]* @ap_fifo_str, i32 0, i32 0, [1 x i8]* @p_str, i32 0, i32 0, [1 x i8]* @p_str, [1 x i8]* @p_str, [1 x i8]* @p_str, i32 2, i32 2, i32 16, i32 16, [1 x i8]* @p_str, [1 x i8]* @p_str)

ST_8: empty_33 (193)  [1/1] 0.00ns
Mat.exit4:155  %empty_33 = call i32 (...)* @_ssdm_op_SpecChannel([22 x i8]* @c_high_thresh_channe, i32 1, [1 x i8]* @p_str, [1 x i8]* @p_str, i32 1, i32 0, i32* %c_high_thresh_channe_1, i32* %c_high_thresh_channe_1)

ST_8: StgValue_171 (194)  [1/1] 0.00ns
Mat.exit4:156  call void (...)* @_ssdm_op_SpecInterface(i32* %c_high_thresh_channe_1, [8 x i8]* @ap_fifo_str, i32 0, i32 0, [1 x i8]* @p_str, i32 0, i32 0, [1 x i8]* @p_str, [1 x i8]* @p_str, [1 x i8]* @p_str, i32 2, i32 2, i32 16, i32 16, [1 x i8]* @p_str, [1 x i8]* @p_str)

ST_8: empty_34 (195)  [1/1] 0.00ns
Mat.exit4:157  %empty_34 = call i32 (...)* @_ssdm_op_SpecChannel([21 x i8]* @c_low_thresh_channel, i32 1, [1 x i8]* @p_str, [1 x i8]* @p_str, i32 1, i32 0, i32* %c_low_thresh_channel_1, i32* %c_low_thresh_channel_1)

ST_8: StgValue_173 (196)  [1/1] 0.00ns
Mat.exit4:158  call void (...)* @_ssdm_op_SpecInterface(i32* %c_low_thresh_channel_1, [8 x i8]* @ap_fifo_str, i32 0, i32 0, [1 x i8]* @p_str, i32 0, i32 0, [1 x i8]* @p_str, [1 x i8]* @p_str, [1 x i8]* @p_str, i32 2, i32 2, i32 16, i32 16, [1 x i8]* @p_str, [1 x i8]* @p_str)

ST_8: empty_35 (197)  [1/1] 0.00ns
Mat.exit4:159  %empty_35 = call i32 (...)* @_ssdm_op_SpecChannel([17 x i8]* @c_invert_channel_str, i32 1, [1 x i8]* @p_str, [1 x i8]* @p_str, i32 1, i32 0, i32* %c_invert_channel, i32* %c_invert_channel)

ST_8: StgValue_175 (198)  [1/1] 0.00ns
Mat.exit4:160  call void (...)* @_ssdm_op_SpecInterface(i32* %c_invert_channel, [8 x i8]* @ap_fifo_str, i32 0, i32 0, [1 x i8]* @p_str, i32 0, i32 0, [1 x i8]* @p_str, [1 x i8]* @p_str, [1 x i8]* @p_str, i32 2, i32 2, i32 16, i32 16, [1 x i8]* @p_str, [1 x i8]* @p_str)

ST_8: StgValue_176 (202)  [1/1] 0.00ns  loc: mysobel/solution1/top.cpp:210
Mat.exit4:164  ret void



============================================================
+ Verbose Summary: Timing violations
============================================================
Target clock period: 10ns, clock uncertainty: 1.25ns.

 <State 1>: 0ns
The critical path consists of the following:

 <State 2>: 5.38ns
The critical path consists of the following:
	s_axi read on port 'c_invert' [38]  (1 ns)
	'call' operation to 'AXIvideo2Mat44' [199]  (4.38 ns)

 <State 3>: 0ns
The critical path consists of the following:

 <State 4>: 1.84ns
The critical path consists of the following:
	'call' operation to 'sobel_filter_core' [200]  (1.84 ns)

 <State 5>: 0ns
The critical path consists of the following:

 <State 6>: 1.84ns
The critical path consists of the following:
	'call' operation to 'Mat2AXIvideo' [201]  (1.84 ns)

 <State 7>: 0ns
The critical path consists of the following:

 <State 8>: 0ns
The critical path consists of the following:


============================================================
+ Verbose Summary: Binding
============================================================
N/A
* FSMD analyzer results:
  - Output states:
 - Input state : 
  - Chain level:
	State 1
	State 2
	State 3
	State 4
	State 5
	State 6
	State 7
	State 8


============================================================
+ Verbose Summary: Datapath Resource usage 
============================================================
N/A
