

================================================================
== Vivado HLS Report for 'fill'
================================================================
* Date:           Sat Nov 26 22:31:24 2016

* Version:        2016.3 (Build 1682563 on Mon Oct 10 19:41:59 MDT 2016)
* Project:        hls_array
* Solution:       solution1
* Product family: zynq
* Target device:  xc7z020clg484-1


================================================================
== Performance Estimates
================================================================
+ Timing (ns): 
    * Summary: 
    +--------+-------+----------+------------+
    |  Clock | Target| Estimated| Uncertainty|
    +--------+-------+----------+------------+
    |ap_clk  |  10.00|      2.39|        1.25|
    +--------+-------+----------+------------+

+ Latency (clock cycles): 
    * Summary: 
    +-----+-----+-----+-----+---------+
    |  Latency  |  Interval | Pipeline|
    | min | max | min | max |   Type  |
    +-----+-----+-----+-----+---------+
    |  101|  101|  102|  102|   none  |
    +-----+-----+-----+-----+---------+

    + Detail: 
        * Instance: 
        N/A

        * Loop: 
        +----------+-----+-----+----------+-----------+-----------+------+----------+
        |          |  Latency  | Iteration|  Initiation Interval  | Trip |          |
        | Loop Name| min | max |  Latency |  achieved |   target  | Count| Pipelined|
        +----------+-----+-----+----------+-----------+-----------+------+----------+
        |- Loop 1  |  100|  100|         1|          -|          -|   100|    no    |
        +----------+-----+-----+----------+-----------+-----------+------+----------+



================================================================
== Utilization Estimates
================================================================
* Summary: 
+-----------------+---------+-------+--------+-------+
|       Name      | BRAM_18K| DSP48E|   FF   |  LUT  |
+-----------------+---------+-------+--------+-------+
|DSP              |        -|      -|       -|      -|
|Expression       |        -|      -|       0|     10|
|FIFO             |        -|      -|       -|      -|
|Instance         |        0|      -|      68|    104|
|Memory           |        -|      -|       -|      -|
|Multiplexer      |        -|      -|       -|      8|
|Register         |        -|      -|      41|      -|
+-----------------+---------+-------+--------+-------+
|Total            |        0|      0|     109|    122|
+-----------------+---------+-------+--------+-------+
|Available        |      280|    220|  106400|  53200|
+-----------------+---------+-------+--------+-------+
|Utilization (%)  |        0|      0|   ~0   |   ~0  |
+-----------------+---------+-------+--------+-------+

+ Detail: 
    * Instance: 
    +-----------------------+---------------------+---------+-------+----+-----+
    |        Instance       |        Module       | BRAM_18K| DSP48E| FF | LUT |
    +-----------------------+---------------------+---------+-------+----+-----+
    |fill_AXILiteS_s_axi_U  |fill_AXILiteS_s_axi  |        0|      0|  68|  104|
    +-----------------------+---------------------+---------+-------+----+-----+
    |Total                  |                     |        0|      0|  68|  104|
    +-----------------------+---------------------+---------+-------+----+-----+

    * DSP48: 
    N/A

    * Memory: 
    N/A

    * FIFO: 
    N/A

    * Expression: 
    +-------------------+----------+-------+---+----+------------+------------+
    |   Variable Name   | Operation| DSP48E| FF| LUT| Bitwidth P0| Bitwidth P1|
    +-------------------+----------+-------+---+----+------------+------------+
    |i_1_fu_73_p2       |     +    |      0|  0|   7|           7|           1|
    |exitcond_fu_67_p2  |   icmp   |      0|  0|   3|           7|           6|
    +-------------------+----------+-------+---+----+------------+------------+
    |Total              |          |      0|  0|  10|          14|           7|
    +-------------------+----------+-------+---+----+------------+------------+

    * Multiplexer: 
    +-----------+----+-----------+-----+-----------+
    |    Name   | LUT| Input Size| Bits| Total Bits|
    +-----------+----+-----------+-----+-----------+
    |ap_NS_fsm  |   1|          3|    1|          3|
    |i_reg_56   |   7|          2|    7|         14|
    +-----------+----+-----------+-----+-----------+
    |Total      |   8|          5|    8|         17|
    +-----------+----+-----------+-----+-----------+

    * Register: 
    +---------------+----+----+-----+-----------+
    |      Name     | FF | LUT| Bits| Const Bits|
    +---------------+----+----+-----+-----------+
    |a_read_reg_84  |  32|   0|   32|          0|
    |ap_CS_fsm      |   2|   0|    2|          0|
    |i_reg_56       |   7|   0|    7|          0|
    +---------------+----+----+-----+-----------+
    |Total          |  41|   0|   41|          0|
    +---------------+----+----+-----+-----------+



================================================================
== Interface
================================================================
* Summary: 
+------------------------+-----+-----+------------+--------------+--------------+
|        RTL Ports       | Dir | Bits|  Protocol  | Source Object|    C Type    |
+------------------------+-----+-----+------------+--------------+--------------+
|s_axi_AXILiteS_AWVALID  |  in |    1|    s_axi   |   AXILiteS   |    scalar    |
|s_axi_AXILiteS_AWREADY  | out |    1|    s_axi   |   AXILiteS   |    scalar    |
|s_axi_AXILiteS_AWADDR   |  in |    5|    s_axi   |   AXILiteS   |    scalar    |
|s_axi_AXILiteS_WVALID   |  in |    1|    s_axi   |   AXILiteS   |    scalar    |
|s_axi_AXILiteS_WREADY   | out |    1|    s_axi   |   AXILiteS   |    scalar    |
|s_axi_AXILiteS_WDATA    |  in |   32|    s_axi   |   AXILiteS   |    scalar    |
|s_axi_AXILiteS_WSTRB    |  in |    4|    s_axi   |   AXILiteS   |    scalar    |
|s_axi_AXILiteS_ARVALID  |  in |    1|    s_axi   |   AXILiteS   |    scalar    |
|s_axi_AXILiteS_ARREADY  | out |    1|    s_axi   |   AXILiteS   |    scalar    |
|s_axi_AXILiteS_ARADDR   |  in |    5|    s_axi   |   AXILiteS   |    scalar    |
|s_axi_AXILiteS_RVALID   | out |    1|    s_axi   |   AXILiteS   |    scalar    |
|s_axi_AXILiteS_RREADY   |  in |    1|    s_axi   |   AXILiteS   |    scalar    |
|s_axi_AXILiteS_RDATA    | out |   32|    s_axi   |   AXILiteS   |    scalar    |
|s_axi_AXILiteS_RRESP    | out |    2|    s_axi   |   AXILiteS   |    scalar    |
|s_axi_AXILiteS_BVALID   | out |    1|    s_axi   |   AXILiteS   |    scalar    |
|s_axi_AXILiteS_BREADY   |  in |    1|    s_axi   |   AXILiteS   |    scalar    |
|s_axi_AXILiteS_BRESP    | out |    2|    s_axi   |   AXILiteS   |    scalar    |
|ap_clk                  |  in |    1| ap_ctrl_hs |     fill     | return value |
|ap_rst_n                |  in |    1| ap_ctrl_hs |     fill     | return value |
|ap_start                |  in |    1| ap_ctrl_hs |     fill     | return value |
|ap_done                 | out |    1| ap_ctrl_hs |     fill     | return value |
|ap_idle                 | out |    1| ap_ctrl_hs |     fill     | return value |
|ap_ready                | out |    1| ap_ctrl_hs |     fill     | return value |
|buf_r_address0          | out |   16|  ap_memory |     buf_r    |     array    |
|buf_r_ce0               | out |    1|  ap_memory |     buf_r    |     array    |
|buf_r_we0               | out |    1|  ap_memory |     buf_r    |     array    |
|buf_r_d0                | out |   32|  ap_memory |     buf_r    |     array    |
+------------------------+-----+-----+------------+--------------+--------------+

============================================================
+ Verbose Summary: Synthesis Manager
============================================================
InlineROM: 1
ExposeGlobal: 0
============================================================
+ Verbose Summary: CDFG Model
============================================================
IsTopModel: 1
ResetActiveHigh: 1
IsCombinational: 2
IsDatapathOnly: 2
HasWiredReturn: 1
HasMFsm: 0
HasVarLatency: 1
IsPipeline: 0
IsRtlPipelined: 0
IsInstanceOverlapped: 0
IsDontTouch: 0
HasImplIP: 0
IsGatedGlobalClock: 0


============================================================
+ Verbose Summary: Schedule
============================================================
* Number of FSM states: 2
* Pipeline: 0
* Dataflow Pipeline: 0

* FSM state transitions: 
1 --> 
	2  / true
2 --> 
	2  / (!exitcond)
* FSM state operations: 

 <State 1>: 1.57ns
ST_1: StgValue_3 (3)  [1/1] 0.00ns
:0  call void (...)* @_ssdm_op_SpecBitsMap(i32 %a) nounwind, !map !20

ST_1: StgValue_4 (4)  [1/1] 0.00ns
:1  call void (...)* @_ssdm_op_SpecBitsMap([38400 x i32]* %buf_r) nounwind, !map !26

ST_1: StgValue_5 (5)  [1/1] 0.00ns
:2  call void (...)* @_ssdm_op_SpecTopModule([5 x i8]* @fill_str) nounwind

ST_1: a_read (6)  [1/1] 1.00ns
:3  %a_read = call i32 @_ssdm_op_Read.s_axilite.i32(i32 %a) nounwind

ST_1: StgValue_7 (7)  [1/1] 0.00ns
:4  call void (...)* @_ssdm_op_SpecMemCore([38400 x i32]* %buf_r, [1 x i8]* @p_str, [7 x i8]* @p_str1, [1 x i8]* @p_str, i32 -1, [1 x i8]* @p_str, [1 x i8]* @p_str, [1 x i8]* @p_str, [1 x i8]* @p_str, [1 x i8]* @p_str) nounwind

ST_1: StgValue_8 (8)  [1/1] 0.00ns  loc: hls_array/solution1/top.cpp:7
:5  call void (...)* @_ssdm_op_SpecInterface(i32 %a, [10 x i8]* @p_str2, i32 0, i32 0, [1 x i8]* @p_str, i32 0, i32 0, [1 x i8]* @p_str, [1 x i8]* @p_str, [1 x i8]* @p_str, i32 0, i32 0, i32 0, i32 0, [1 x i8]* @p_str, [1 x i8]* @p_str) nounwind

ST_1: StgValue_9 (9)  [1/1] 1.57ns  loc: hls_array/solution1/top.cpp:10
:6  br label %1


 <State 2>: 2.39ns
ST_2: i (11)  [1/1] 0.00ns
:0  %i = phi i7 [ 0, %0 ], [ %i_1, %2 ]

ST_2: exitcond (12)  [1/1] 1.97ns  loc: hls_array/solution1/top.cpp:10
:1  %exitcond = icmp eq i7 %i, -28

ST_2: empty (13)  [1/1] 0.00ns
:2  %empty = call i32 (...)* @_ssdm_op_SpecLoopTripCount(i64 100, i64 100, i64 100) nounwind

ST_2: i_1 (14)  [1/1] 1.72ns  loc: hls_array/solution1/top.cpp:10
:3  %i_1 = add i7 %i, 1

ST_2: StgValue_14 (15)  [1/1] 0.00ns  loc: hls_array/solution1/top.cpp:10
:4  br i1 %exitcond, label %3, label %2

ST_2: tmp (17)  [1/1] 0.00ns  loc: hls_array/solution1/top.cpp:10
:0  %tmp = zext i7 %i to i64

ST_2: buf_addr (18)  [1/1] 0.00ns  loc: hls_array/solution1/top.cpp:10
:1  %buf_addr = getelementptr [38400 x i32]* %buf_r, i64 0, i64 %tmp

ST_2: StgValue_17 (19)  [1/1] 2.39ns  loc: hls_array/solution1/top.cpp:10
:2  store i32 %a_read, i32* %buf_addr, align 4

ST_2: StgValue_18 (20)  [1/1] 0.00ns  loc: hls_array/solution1/top.cpp:10
:3  br label %1

ST_2: StgValue_19 (22)  [1/1] 0.00ns  loc: hls_array/solution1/top.cpp:13
:0  ret void



============================================================
+ Verbose Summary: Binding
============================================================
STG Binding: 
---------------- STG Properties BEGIN ----------------
- Is combinational: 0
- Is one-state seq: 0
- Is datapath-only: 0
- Is clock enabled: 0
- Is pipelined: 0
- Is top level: 1
Port [ Return ] is wired: 1; IO mode=ap_ctrl_hs:ce=0
Port [ a]:  wired=1; compound=0; hidden=0; nouse=0; global=0; static=0; extern=0; dir=0; type=0; pingpong=0; private_global=0; IO mode=ap_none:ce=0
Port [ buf_r]:  wired=1; compound=1; hidden=0; nouse=0; global=0; static=0; extern=0; dir=1; type=1; pingpong=0; private_global=0; MemPort=[0]; IO mode=ap_memory:ce=0
---------------- STG Properties END ------------------

---------------- Datapath Model BEGIN ----------------

<LifeTime>
<method=bitvector/>
StgValue_3  (specbitsmap      ) [ 000]
StgValue_4  (specbitsmap      ) [ 000]
StgValue_5  (spectopmodule    ) [ 000]
a_read      (read             ) [ 001]
StgValue_7  (specmemcore      ) [ 000]
StgValue_8  (specinterface    ) [ 000]
StgValue_9  (br               ) [ 011]
i           (phi              ) [ 001]
exitcond    (icmp             ) [ 001]
empty       (speclooptripcount) [ 000]
i_1         (add              ) [ 011]
StgValue_14 (br               ) [ 000]
tmp         (zext             ) [ 000]
buf_addr    (getelementptr    ) [ 000]
StgValue_17 (store            ) [ 000]
StgValue_18 (br               ) [ 011]
StgValue_19 (ret              ) [ 000]
</LifeTime>

<model>

<comp_list>
<comp id="0" class="1000" name="a">
<pin_list>
<pin id="1" dir="1" index="0" bw="1" slack="0"/>
</pin_list>
<bind>
<StgValue><ssdm name="a"/></StgValue>
</bind>
</comp>

<comp id="2" class="1000" name="buf_r">
<pin_list>
<pin id="3" dir="1" index="0" bw="1" slack="0"/>
</pin_list>
<bind>
<StgValue><ssdm name="buf_r"/><MemPortTyVec>0 </MemPortTyVec>
</StgValue>
</bind>
</comp>

<comp id="4" class="1001" name="const_4">
<pin_list>
<pin id="5" dir="1" index="0" bw="1" slack="2147483647"/>
</pin_list>
<bind>
<StgValue><ssdm name="_ssdm_op_SpecBitsMap"/></StgValue>
</bind>
</comp>

<comp id="6" class="1001" name="const_6">
<pin_list>
<pin id="7" dir="1" index="0" bw="1" slack="2147483647"/>
</pin_list>
<bind>
<StgValue><ssdm name="_ssdm_op_SpecTopModule"/></StgValue>
</bind>
</comp>

<comp id="8" class="1001" name="const_8">
<pin_list>
<pin id="9" dir="1" index="0" bw="1" slack="2147483647"/>
</pin_list>
<bind>
<StgValue><ssdm name="fill_str"/></StgValue>
</bind>
</comp>

<comp id="10" class="1001" name="const_10">
<pin_list>
<pin id="11" dir="1" index="0" bw="1" slack="0"/>
</pin_list>
<bind>
<StgValue><ssdm name="_ssdm_op_Read.s_axilite.i32"/></StgValue>
</bind>
</comp>

<comp id="12" class="1001" name="const_12">
<pin_list>
<pin id="13" dir="1" index="0" bw="1" slack="2147483647"/>
</pin_list>
<bind>
<StgValue><ssdm name="_ssdm_op_SpecMemCore"/></StgValue>
</bind>
</comp>

<comp id="14" class="1001" name="const_14">
<pin_list>
<pin id="15" dir="1" index="0" bw="1" slack="2147483647"/>
</pin_list>
<bind>
<StgValue><ssdm name="p_str"/></StgValue>
</bind>
</comp>

<comp id="16" class="1001" name="const_16">
<pin_list>
<pin id="17" dir="1" index="0" bw="1" slack="2147483647"/>
</pin_list>
<bind>
<StgValue><ssdm name="p_str1"/></StgValue>
</bind>
</comp>

<comp id="18" class="1001" name="const_18">
<pin_list>
<pin id="19" dir="1" index="0" bw="1" slack="2147483647"/>
</pin_list>
<bind>
<StgValue><ssdm name=""/></StgValue>
</bind>
</comp>

<comp id="20" class="1001" name="const_20">
<pin_list>
<pin id="21" dir="1" index="0" bw="1" slack="2147483647"/>
</pin_list>
<bind>
<StgValue><ssdm name="_ssdm_op_SpecInterface"/></StgValue>
</bind>
</comp>

<comp id="22" class="1001" name="const_22">
<pin_list>
<pin id="23" dir="1" index="0" bw="1" slack="2147483647"/>
</pin_list>
<bind>
<StgValue><ssdm name="p_str2"/></StgValue>
</bind>
</comp>

<comp id="24" class="1001" name="const_24">
<pin_list>
<pin id="25" dir="1" index="0" bw="1" slack="2147483647"/>
</pin_list>
<bind>
<StgValue><ssdm name=""/></StgValue>
</bind>
</comp>

<comp id="26" class="1001" name="const_26">
<pin_list>
<pin id="27" dir="1" index="0" bw="1" slack="1"/>
</pin_list>
<bind>
<StgValue><ssdm name=""/></StgValue>
</bind>
</comp>

<comp id="28" class="1001" name="const_28">
<pin_list>
<pin id="29" dir="1" index="0" bw="1" slack="0"/>
</pin_list>
<bind>
<StgValue><ssdm name=""/></StgValue>
</bind>
</comp>

<comp id="30" class="1001" name="const_30">
<pin_list>
<pin id="31" dir="1" index="0" bw="1" slack="2147483647"/>
</pin_list>
<bind>
<StgValue><ssdm name="_ssdm_op_SpecLoopTripCount"/></StgValue>
</bind>
</comp>

<comp id="32" class="1001" name="const_32">
<pin_list>
<pin id="33" dir="1" index="0" bw="1" slack="2147483647"/>
</pin_list>
<bind>
<StgValue><ssdm name=""/></StgValue>
</bind>
</comp>

<comp id="34" class="1001" name="const_34">
<pin_list>
<pin id="35" dir="1" index="0" bw="1" slack="0"/>
</pin_list>
<bind>
<StgValue><ssdm name=""/></StgValue>
</bind>
</comp>

<comp id="36" class="1001" name="const_36">
<pin_list>
<pin id="37" dir="1" index="0" bw="1" slack="0"/>
</pin_list>
<bind>
<StgValue><ssdm name=""/></StgValue>
</bind>
</comp>

<comp id="38" class="1004" name="a_read_read_fu_38">
<pin_list>
<pin id="39" dir="0" index="0" bw="32" slack="0"/>
<pin id="40" dir="0" index="1" bw="32" slack="0"/>
<pin id="41" dir="1" index="2" bw="32" slack="1"/>
</pin_list>
<bind>
<opcode="read(1150) " fcode="read"/>
<opset="a_read/1 "/>
</bind>
</comp>

<comp id="44" class="1004" name="buf_addr_gep_fu_44">
<pin_list>
<pin id="45" dir="0" index="0" bw="32" slack="0"/>
<pin id="46" dir="0" index="1" bw="1" slack="0"/>
<pin id="47" dir="0" index="2" bw="7" slack="0"/>
<pin id="48" dir="1" index="3" bw="16" slack="0"/>
</pin_list>
<bind>
<opcode="getelementptr(29) " fcode="getelementptr"/>
<opset="buf_addr/2 "/>
</bind>
</comp>

<comp id="51" class="1004" name="StgValue_17_access_fu_51">
<pin_list>
<pin id="52" dir="0" index="0" bw="16" slack="0"/>
<pin id="53" dir="0" index="1" bw="32" slack="1"/>
<pin id="54" dir="1" index="2" bw="32" slack="2147483647"/>
</pin_list>
<bind>
<opcode="store(28) " fcode="store"/>
<opset="StgValue_17/2 "/>
</bind>
</comp>

<comp id="56" class="1005" name="i_reg_56">
<pin_list>
<pin id="57" dir="0" index="0" bw="7" slack="1"/>
<pin id="58" dir="1" index="1" bw="7" slack="1"/>
</pin_list>
<bind>
<opset="i (phireg) "/>
</bind>
</comp>

<comp id="60" class="1004" name="i_phi_fu_60">
<pin_list>
<pin id="61" dir="0" index="0" bw="1" slack="1"/>
<pin id="62" dir="0" index="1" bw="0" slack="2147483647"/>
<pin id="63" dir="0" index="2" bw="7" slack="0"/>
<pin id="64" dir="0" index="3" bw="0" slack="2147483647"/>
<pin id="65" dir="1" index="4" bw="7" slack="0"/>
</pin_list>
<bind>
<opcode="phi(47) " fcode="phi"/>
<opset="i/2 "/>
</bind>
</comp>

<comp id="67" class="1004" name="exitcond_fu_67">
<pin_list>
<pin id="68" dir="0" index="0" bw="7" slack="0"/>
<pin id="69" dir="0" index="1" bw="7" slack="0"/>
<pin id="70" dir="1" index="2" bw="1" slack="2147483647"/>
</pin_list>
<bind>
<opcode="icmp(45) " fcode="icmp"/>
<opset="exitcond/2 "/>
</bind>
</comp>

<comp id="73" class="1004" name="i_1_fu_73">
<pin_list>
<pin id="74" dir="0" index="0" bw="7" slack="0"/>
<pin id="75" dir="0" index="1" bw="1" slack="0"/>
<pin id="76" dir="1" index="2" bw="7" slack="0"/>
</pin_list>
<bind>
<opcode="add(8) " fcode="add"/>
<opset="i_1/2 "/>
</bind>
</comp>

<comp id="79" class="1004" name="tmp_fu_79">
<pin_list>
<pin id="80" dir="0" index="0" bw="7" slack="0"/>
<pin id="81" dir="1" index="1" bw="64" slack="0"/>
</pin_list>
<bind>
<opcode="zext(34) " fcode="zext"/>
<opset="tmp/2 "/>
</bind>
</comp>

<comp id="84" class="1005" name="a_read_reg_84">
<pin_list>
<pin id="85" dir="0" index="0" bw="32" slack="1"/>
<pin id="86" dir="1" index="1" bw="32" slack="1"/>
</pin_list>
<bind>
<opset="a_read "/>
</bind>
</comp>

<comp id="92" class="1005" name="i_1_reg_92">
<pin_list>
<pin id="93" dir="0" index="0" bw="7" slack="0"/>
<pin id="94" dir="1" index="1" bw="7" slack="0"/>
</pin_list>
<bind>
<opset="i_1 "/>
</bind>
</comp>

</comp_list>

<net_list>
<net id="42"><net_src comp="10" pin="0"/><net_sink comp="38" pin=0"/></net>

<net id="43"><net_src comp="0" pin="0"/><net_sink comp="38" pin=1"/></net>

<net id="49"><net_src comp="2" pin="0"/><net_sink comp="44" pin=0"/></net>

<net id="50"><net_src comp="36" pin="0"/><net_sink comp="44" pin=1"/></net>

<net id="55"><net_src comp="44" pin="3"/><net_sink comp="51" pin=0"/></net>

<net id="59"><net_src comp="26" pin="0"/><net_sink comp="56" pin=0"/></net>

<net id="66"><net_src comp="56" pin="1"/><net_sink comp="60" pin=0"/></net>

<net id="71"><net_src comp="60" pin="4"/><net_sink comp="67" pin=0"/></net>

<net id="72"><net_src comp="28" pin="0"/><net_sink comp="67" pin=1"/></net>

<net id="77"><net_src comp="60" pin="4"/><net_sink comp="73" pin=0"/></net>

<net id="78"><net_src comp="34" pin="0"/><net_sink comp="73" pin=1"/></net>

<net id="82"><net_src comp="60" pin="4"/><net_sink comp="79" pin=0"/></net>

<net id="83"><net_src comp="79" pin="1"/><net_sink comp="44" pin=2"/></net>

<net id="87"><net_src comp="38" pin="2"/><net_sink comp="84" pin=0"/></net>

<net id="88"><net_src comp="84" pin="1"/><net_sink comp="51" pin=1"/></net>

<net id="95"><net_src comp="73" pin="2"/><net_sink comp="92" pin=0"/></net>

<net id="96"><net_src comp="92" pin="1"/><net_sink comp="60" pin=2"/></net>

</net_list>

</model> 
---------------- Datapath Model END ------------------

* FSMD analyzer results:
  - Output states:
	Port: buf_r | {2 }
 - Input state : 
	Port: fill : a | {1 }
  - Chain level:
	State 1
	State 2
		exitcond : 1
		i_1 : 1
		StgValue_14 : 2
		tmp : 1
		buf_addr : 2
		StgValue_17 : 3


============================================================
+ Verbose Summary: Datapath Resource usage 
============================================================

* Functional unit list:
|----------|-------------------|---------|---------|
| Operation|  Functional Unit  |    FF   |   LUT   |
|----------|-------------------|---------|---------|
|    add   |     i_1_fu_73     |    0    |    7    |
|----------|-------------------|---------|---------|
|   icmp   |   exitcond_fu_67  |    0    |    3    |
|----------|-------------------|---------|---------|
|   read   | a_read_read_fu_38 |    0    |    0    |
|----------|-------------------|---------|---------|
|   zext   |     tmp_fu_79     |    0    |    0    |
|----------|-------------------|---------|---------|
|   Total  |                   |    0    |    10   |
|----------|-------------------|---------|---------|

Memories:
N/A

* Register list:
+-------------+--------+
|             |   FF   |
+-------------+--------+
|a_read_reg_84|   32   |
|  i_1_reg_92 |    7   |
|   i_reg_56  |    7   |
+-------------+--------+
|    Total    |   46   |
+-------------+--------+

* Multiplexer (MUX) list: 
|--------|------|------|------|--------|
|  Comp  |  Pin | Size |  BW  | S x BW |
|--------|------|------|------|--------|
|  Total |      |      |      |    0   |
|--------|------|------|------|--------|



* Summary:
+-----------+--------+--------+
|           |   FF   |   LUT  |
+-----------+--------+--------+
|  Function |    0   |   10   |
|   Memory  |    -   |    -   |
|Multiplexer|    -   |    -   |
|  Register |   46   |    -   |
+-----------+--------+--------+
|   Total   |   46   |   10   |
+-----------+--------+--------+
