Copyright 1986-2016 Xilinx, Inc. All Rights Reserved.
------------------------------------------------------------------------------------
| Tool Version : Vivado v.2016.3 (lin64) Build 1682563 Mon Oct 10 19:07:26 MDT 2016
| Date         : Sat Dec  3 16:53:46 2016
| Host         : iaea-gft running 64-bit Ubuntu 16.04.1 LTS
| Command      : report_timing -file ./report/image_filter_timing_synth.rpt
| Design       : image_filter
| Device       : 7z020-clg484
| Speed File   : -1  PRODUCTION 1.11 2014-09-11
------------------------------------------------------------------------------------

Timing Report

Slack (MET) :             2.328ns  (required time - arrival time)
  Source:                 sobel_filter_core_U0/buff_C_val_0_0_fu_130_reg[3]/C
                            (rising edge-triggered cell FDRE clocked by ap_clk  {rise@0.000ns fall@5.000ns period=10.000ns})
  Destination:            sobel_filter_core_U0/image_filter_mac_eOg_U52/image_filter_mac_eOg_DSP48_0_U/p/C[15]
                            (rising edge-triggered cell DSP48E1 clocked by ap_clk  {rise@0.000ns fall@5.000ns period=10.000ns})
  Path Group:             ap_clk
  Path Type:              Setup (Max at Slow Process Corner)
  Requirement:            10.000ns  (ap_clk rise@10.000ns - ap_clk rise@0.000ns)
  Data Path Delay:        7.180ns  (logic 2.493ns (34.723%)  route 4.687ns (65.277%))
  Logic Levels:           6  (CARRY4=3 LUT3=1 LUT5=1 LUT6=1)
  Clock Path Skew:        -0.049ns (DCD - SCD + CPR)
    Destination Clock Delay (DCD):    0.924ns = ( 10.924 - 10.000 ) 
    Source Clock Delay      (SCD):    0.973ns
    Clock Pessimism Removal (CPR):    0.000ns
  Clock Uncertainty:      0.035ns  ((TSJ^2 + TIJ^2)^1/2 + DJ) / 2 + PE
    Total System Jitter     (TSJ):    0.071ns
    Total Input Jitter      (TIJ):    0.000ns
    Discrete Jitter          (DJ):    0.000ns
    Phase Error              (PE):    0.000ns

    Location             Delay type                Incr(ns)  Path(ns)    Netlist Resource(s)
  -------------------------------------------------------------------    -------------------
                         (clock ap_clk rise edge)     0.000     0.000 r  
                                                      0.000     0.000 r  ap_clk (IN)
                         net (fo=1972, unset)         0.973     0.973    sobel_filter_core_U0/ap_clk
                         FDRE                                         r  sobel_filter_core_U0/buff_C_val_0_0_fu_130_reg[3]/C
  -------------------------------------------------------------------    -------------------
                         FDRE (Prop_fdre_C_Q)         0.362     1.335 r  sobel_filter_core_U0/buff_C_val_0_0_fu_130_reg[3]/Q
                         net (fo=17, unplaced)        0.797     2.132    sobel_filter_core_U0/buff_C_val_0_0_fu_130[3]
                         LUT3 (Prop_lut3_I0_O)        0.319     2.451 r  sobel_filter_core_U0/buff_C_val_0_0_i_i_s_fu_122[3]_i_1/O
                         net (fo=17, unplaced)        0.958     3.409    sobel_filter_core_U0/tmp_37_0_i_i_i_i_fu_771_p1[3]
                         LUT6 (Prop_lut6_I0_O)        0.124     3.533 r  sobel_filter_core_U0/p_i_80/O
                         net (fo=2, unplaced)         0.650     4.183    sobel_filter_core_U0/p_i_80_n_0
                         CARRY4 (Prop_carry4_DI[1]_O[3])
                                                      0.629     4.812 r  sobel_filter_core_U0/p_i_56__3/O[3]
                         net (fo=4, unplaced)         0.832     5.644    sobel_filter_core_U0/image_filter_mac_eOg_U52/image_filter_mac_eOg_DSP48_0_U/tmp_36_0_i_i_i_i_reg_1195_reg[6][3]
                         LUT5 (Prop_lut5_I2_O)        0.307     5.951 r  sobel_filter_core_U0/image_filter_mac_eOg_U52/image_filter_mac_eOg_DSP48_0_U/p_i_21__0/O
                         net (fo=2, unplaced)         0.650     6.601    sobel_filter_core_U0/image_filter_mac_eOg_U52/image_filter_mac_eOg_DSP48_0_U/p_i_21__0_n_0
                         CARRY4 (Prop_carry4_DI[1]_CO[3])
                                                      0.520     7.121 r  sobel_filter_core_U0/image_filter_mac_eOg_U52/image_filter_mac_eOg_DSP48_0_U/p_i_13__4/CO[3]
                         net (fo=1, unplaced)         0.000     7.121    sobel_filter_core_U0/image_filter_mac_eOg_U52/image_filter_mac_eOg_DSP48_0_U/p_i_13__4_n_0
                         CARRY4 (Prop_carry4_CI_O[0])
                                                      0.232     7.353 r  sobel_filter_core_U0/image_filter_mac_eOg_U52/image_filter_mac_eOg_DSP48_0_U/p_i_12__4/O[0]
                         net (fo=33, unplaced)        0.800     8.153    sobel_filter_core_U0/image_filter_mac_eOg_U52/image_filter_mac_eOg_DSP48_0_U/tmp_37_0_i_i_i_i_fu_771_p2[15]
                         DSP48E1                                      r  sobel_filter_core_U0/image_filter_mac_eOg_U52/image_filter_mac_eOg_DSP48_0_U/p/C[15]
  -------------------------------------------------------------------    -------------------

                         (clock ap_clk rise edge)    10.000    10.000 r  
                                                      0.000    10.000 r  ap_clk (IN)
                         net (fo=1972, unset)         0.924    10.924    sobel_filter_core_U0/image_filter_mac_eOg_U52/image_filter_mac_eOg_DSP48_0_U/ap_clk
                         DSP48E1                                      r  sobel_filter_core_U0/image_filter_mac_eOg_U52/image_filter_mac_eOg_DSP48_0_U/p/CLK
                         clock pessimism              0.000    10.924    
                         clock uncertainty           -0.035    10.889    
                         DSP48E1 (Setup_dsp48e1_CLK_C[15])
                                                     -0.408    10.481    sobel_filter_core_U0/image_filter_mac_eOg_U52/image_filter_mac_eOg_DSP48_0_U/p
  -------------------------------------------------------------------
                         required time                         10.481    
                         arrival time                          -8.153    
  -------------------------------------------------------------------
                         slack                                  2.328    




