

================================================================
== Vivado HLS Report for 'AXIvideo2Mat44'
================================================================
* Date:           Sat Dec  3 16:51:19 2016

* Version:        2016.3 (Build 1682563 on Mon Oct 10 19:41:59 MDT 2016)
* Project:        mysobel
* Solution:       solution1
* Product family: zynq
* Target device:  xc7z020clg484-1


================================================================
== Performance Estimates
================================================================
+ Timing (ns): 
    * Summary: 
    +--------+-------+----------+------------+
    |  Clock | Target| Estimated| Uncertainty|
    +--------+-------+----------+------------+
    |ap_clk  |  10.00|      5.95|        1.25|
    +--------+-------+----------+------------+

+ Latency (clock cycles): 
    * Summary: 
    +-----+---------+-----+---------+---------+
    |    Latency    |    Interval   | Pipeline|
    | min |   max   | min |   max   |   Type  |
    +-----+---------+-----+---------+---------+
    |    3|  2081163|    3|  2081163|   none  |
    +-----+---------+-----+---------+---------+

    + Detail: 
        * Instance: 
        N/A

        * Loop: 
        +-----------------------+-----+---------+----------+-----------+-----------+----------+----------+
        |                       |    Latency    | Iteration|  Initiation Interval  |   Trip   |          |
        |       Loop Name       | min |   max   |  Latency |  achieved |   target  |   Count  | Pipelined|
        +-----------------------+-----+---------+----------+-----------+-----------+----------+----------+
        |- loop_wait_for_start  |    0|        0|         1|          1|          1|         0|    yes   |
        |- loop_height          |    0|  2081160| 7 ~ 1927 |          -|          -| 0 ~ 1080 |    no    |
        | + loop_width          |    1|     1921|         2|          1|          1| 0 ~ 1920 |    yes   |
        | + loop_wait_for_eol   |    1|        1|         2|          1|          1|         0|    yes   |
        +-----------------------+-----+---------+----------+-----------+-----------+----------+----------+



================================================================
== Utilization Estimates
================================================================
* Summary: 
+-----------------+---------+-------+--------+-------+
|       Name      | BRAM_18K| DSP48E|   FF   |  LUT  |
+-----------------+---------+-------+--------+-------+
|DSP              |        -|      -|       -|      -|
|Expression       |        -|      -|       0|     43|
|FIFO             |        -|      -|       -|      -|
|Instance         |        -|      -|       -|      -|
|Memory           |        -|      -|       -|      -|
|Multiplexer      |        -|      -|       -|    149|
|Register         |        -|      -|     169|      -|
+-----------------+---------+-------+--------+-------+
|Total            |        0|      0|     169|    192|
+-----------------+---------+-------+--------+-------+
|Available        |      280|    220|  106400|  53200|
+-----------------+---------+-------+--------+-------+
|Utilization (%)  |        0|      0|   ~0   |   ~0  |
+-----------------+---------+-------+--------+-------+

+ Detail: 
    * Instance: 
    N/A

    * DSP48: 
    N/A

    * Memory: 
    N/A

    * FIFO: 
    N/A

    * Expression: 
    +------------------------------------+----------+-------+---+----+------------+------------+
    |            Variable Name           | Operation| DSP48E| FF| LUT| Bitwidth P0| Bitwidth P1|
    +------------------------------------+----------+-------+---+----+------------+------------+
    |i_V_fu_672_p2                       |     +    |      0|  0|  11|          11|           1|
    |j_V_fu_683_p2                       |     +    |      0|  0|  11|          11|           1|
    |ap_condition_584                    |    and   |      0|  0|   1|           1|           1|
    |video_in_V_data_V_0_load_A          |    and   |      0|  0|   1|           1|           1|
    |video_in_V_data_V_0_load_B          |    and   |      0|  0|   1|           1|           1|
    |video_in_V_last_V_0_load_A          |    and   |      0|  0|   1|           1|           1|
    |video_in_V_last_V_0_load_B          |    and   |      0|  0|   1|           1|           1|
    |video_in_V_user_V_0_load_A          |    and   |      0|  0|   1|           1|           1|
    |video_in_V_user_V_0_load_B          |    and   |      0|  0|   1|           1|           1|
    |exitcond2_i_i_i_i_fu_667_p2         |   icmp   |      0|  0|   4|          11|          11|
    |exitcond_i_i_i_i_fu_678_p2          |   icmp   |      0|  0|   4|          11|          11|
    |video_in_V_data_V_0_state_cmp_full  |   icmp   |      0|  0|   1|           2|           1|
    |video_in_V_last_V_0_state_cmp_full  |   icmp   |      0|  0|   1|           2|           1|
    |video_in_V_user_V_0_state_cmp_full  |   icmp   |      0|  0|   1|           2|           1|
    |ap_condition_671                    |    or    |      0|  0|   1|           1|           1|
    |ap_condition_703                    |    or    |      0|  0|   1|           1|           1|
    |brmerge_i_i_i_i_fu_692_p2           |    or    |      0|  0|   1|           1|           1|
    +------------------------------------+----------+-------+---+----+------------+------------+
    |Total                               |          |      0|  0|  43|          60|          37|
    +------------------------------------+----------+-------+---+----+------------+------------+

    * Multiplexer: 
    +------------------------------------+----+-----------+-----+-----------+
    |                Name                | LUT| Input Size| Bits| Total Bits|
    +------------------------------------+----+-----------+-----+-----------+
    |C_XR0C0_channel_blk_n               |   1|          2|    1|          2|
    |C_XR0C1_channel_blk_n               |   1|          2|    1|          2|
    |C_XR0C2_channel_blk_n               |   1|          2|    1|          2|
    |C_XR1C0_channel_blk_n               |   1|          2|    1|          2|
    |C_XR1C1_channel_blk_n               |   1|          2|    1|          2|
    |C_XR1C2_channel_blk_n               |   1|          2|    1|          2|
    |C_XR2C0_channel_blk_n               |   1|          2|    1|          2|
    |C_XR2C1_channel_blk_n               |   1|          2|    1|          2|
    |C_XR2C2_channel_blk_n               |   1|          2|    1|          2|
    |C_YR0C0_channel_blk_n               |   1|          2|    1|          2|
    |C_YR0C1_channel_blk_n               |   1|          2|    1|          2|
    |C_YR0C2_channel_blk_n               |   1|          2|    1|          2|
    |C_YR1C0_channel_blk_n               |   1|          2|    1|          2|
    |C_YR1C1_channel_blk_n               |   1|          2|    1|          2|
    |C_YR1C2_channel_blk_n               |   1|          2|    1|          2|
    |C_YR2C0_channel_blk_n               |   1|          2|    1|          2|
    |C_YR2C1_channel_blk_n               |   1|          2|    1|          2|
    |ap_NS_fsm                           |   4|          9|    1|          9|
    |ap_enable_reg_pp1_iter1             |   1|          2|    1|          2|
    |ap_enable_reg_pp2_iter1             |   1|          2|    1|          2|
    |axi_data_V1_i_i_i_i_reg_514         |  16|          2|   16|         32|
    |axi_data_V_1_i_i_i_i_reg_569        |  16|          2|   16|         32|
    |axi_data_V_3_i_i_i_i_reg_628        |  16|          2|   16|         32|
    |axi_last_V1_i_i_i_i_reg_504         |   1|          2|    1|          2|
    |axi_last_V_2_i_i_i_i_phi_fu_585_p4  |   1|          3|    1|          3|
    |axi_last_V_3_i_i_i_i_reg_616        |   1|          2|    1|          2|
    |c_high_thresh_channe_blk_n          |   1|          2|    1|          2|
    |c_invert_channel_blk_n              |   1|          2|    1|          2|
    |c_low_thresh_channel_1_blk_n        |   1|          2|    1|          2|
    |eol_2_i_i_i_i_phi_fu_608_p4         |   1|          2|    1|          2|
    |eol_2_i_i_i_i_reg_605               |   1|          2|    1|          2|
    |eol_i_i_i_i_phi_fu_550_p4           |   1|          2|    1|          2|
    |eol_i_i_i_i_reg_546                 |   1|          2|    1|          2|
    |eol_reg_558                         |   1|          2|    1|          2|
    |img_0_data_stream_0_blk_n           |   1|          2|    1|          2|
    |img_0_data_stream_1_blk_n           |   1|          2|    1|          2|
    |p_3_i_i_i_i_reg_535                 |  11|          2|   11|         22|
    |p_Val2_s_phi_fu_597_p4              |  16|          3|   16|         48|
    |p_i_i_i_i_reg_524                   |  11|          2|   11|         22|
    |video_in_TDATA_blk_n                |   1|          2|    1|          2|
    |video_in_V_data_V_0_data_out        |  16|          2|   16|         32|
    |video_in_V_data_V_0_state           |   2|          3|    2|          6|
    |video_in_V_dest_V_0_state           |   2|          3|    2|          6|
    |video_in_V_last_V_0_data_out        |   1|          2|    1|          2|
    |video_in_V_last_V_0_state           |   2|          3|    2|          6|
    |video_in_V_user_V_0_data_out        |   1|          2|    1|          2|
    |video_in_V_user_V_0_state           |   2|          3|    2|          6|
    +------------------------------------+----+-----------+-----+-----------+
    |Total                               | 149|        107|  146|        324|
    +------------------------------------+----+-----------+-----+-----------+

    * Register: 
    +-------------------------------+----+----+-----+-----------+
    |              Name             | FF | LUT| Bits| Const Bits|
    +-------------------------------+----+----+-----+-----------+
    |ap_CS_fsm                      |   8|   0|    8|          0|
    |ap_done_reg                    |   1|   0|    1|          0|
    |ap_enable_reg_pp1_iter0        |   1|   0|    1|          0|
    |ap_enable_reg_pp1_iter1        |   1|   0|    1|          0|
    |ap_enable_reg_pp2_iter0        |   1|   0|    1|          0|
    |ap_enable_reg_pp2_iter1        |   1|   0|    1|          0|
    |axi_data_V1_i_i_i_i_reg_514    |  16|   0|   16|          0|
    |axi_data_V_1_i_i_i_i_reg_569   |  16|   0|   16|          0|
    |axi_data_V_3_i_i_i_i_reg_628   |  16|   0|   16|          0|
    |axi_last_V1_i_i_i_i_reg_504    |   1|   0|    1|          0|
    |axi_last_V_3_i_i_i_i_reg_616   |   1|   0|    1|          0|
    |brmerge_i_i_i_i_reg_767        |   1|   0|    1|          0|
    |eol_2_i_i_i_i_reg_605          |   1|   0|    1|          0|
    |eol_i_i_i_i_reg_546            |   1|   0|    1|          0|
    |eol_reg_558                    |   1|   0|    1|          0|
    |exitcond_i_i_i_i_reg_758       |   1|   0|    1|          0|
    |i_V_reg_753                    |  11|   0|   11|          0|
    |p_3_i_i_i_i_reg_535            |  11|   0|   11|          0|
    |p_i_i_i_i_reg_524              |  11|   0|   11|          0|
    |sof_1_i_i_i_i_fu_176           |   1|   0|    1|          0|
    |tmp_data_V_reg_729             |  16|   0|   16|          0|
    |tmp_last_V_reg_737             |   1|   0|    1|          0|
    |video_in_V_data_V_0_payload_A  |  16|   0|   16|          0|
    |video_in_V_data_V_0_payload_B  |  16|   0|   16|          0|
    |video_in_V_data_V_0_sel_rd     |   1|   0|    1|          0|
    |video_in_V_data_V_0_sel_wr     |   1|   0|    1|          0|
    |video_in_V_data_V_0_state      |   2|   0|    2|          0|
    |video_in_V_dest_V_0_state      |   2|   0|    2|          0|
    |video_in_V_last_V_0_payload_A  |   1|   0|    1|          0|
    |video_in_V_last_V_0_payload_B  |   1|   0|    1|          0|
    |video_in_V_last_V_0_sel_rd     |   1|   0|    1|          0|
    |video_in_V_last_V_0_sel_wr     |   1|   0|    1|          0|
    |video_in_V_last_V_0_state      |   2|   0|    2|          0|
    |video_in_V_user_V_0_payload_A  |   1|   0|    1|          0|
    |video_in_V_user_V_0_payload_B  |   1|   0|    1|          0|
    |video_in_V_user_V_0_sel_rd     |   1|   0|    1|          0|
    |video_in_V_user_V_0_sel_wr     |   1|   0|    1|          0|
    |video_in_V_user_V_0_state      |   2|   0|    2|          0|
    +-------------------------------+----+----+-----+-----------+
    |Total                          | 169|   0|  169|          0|
    +-------------------------------+----+----+-----+-----------+



================================================================
== Interface
================================================================
* Summary: 
+-------------------------------+-----+-----+------------+------------------------+--------------+
|           RTL Ports           | Dir | Bits|  Protocol  |      Source Object     |    C Type    |
+-------------------------------+-----+-----+------------+------------------------+--------------+
|ap_clk                         |  in |    1| ap_ctrl_hs |     AXIvideo2Mat44     | return value |
|ap_rst                         |  in |    1| ap_ctrl_hs |     AXIvideo2Mat44     | return value |
|ap_start                       |  in |    1| ap_ctrl_hs |     AXIvideo2Mat44     | return value |
|ap_done                        | out |    1| ap_ctrl_hs |     AXIvideo2Mat44     | return value |
|ap_continue                    |  in |    1| ap_ctrl_hs |     AXIvideo2Mat44     | return value |
|ap_idle                        | out |    1| ap_ctrl_hs |     AXIvideo2Mat44     | return value |
|ap_ready                       | out |    1| ap_ctrl_hs |     AXIvideo2Mat44     | return value |
|video_in_TDATA                 |  in |   16|    axis    |    video_in_V_data_V   |    pointer   |
|video_in_TVALID                |  in |    1|    axis    |    video_in_V_dest_V   |    pointer   |
|video_in_TREADY                | out |    1|    axis    |    video_in_V_dest_V   |    pointer   |
|video_in_TDEST                 |  in |    1|    axis    |    video_in_V_dest_V   |    pointer   |
|video_in_TKEEP                 |  in |    2|    axis    |    video_in_V_keep_V   |    pointer   |
|video_in_TSTRB                 |  in |    2|    axis    |    video_in_V_strb_V   |    pointer   |
|video_in_TUSER                 |  in |    1|    axis    |    video_in_V_user_V   |    pointer   |
|video_in_TLAST                 |  in |    1|    axis    |    video_in_V_last_V   |    pointer   |
|video_in_TID                   |  in |    1|    axis    |     video_in_V_id_V    |    pointer   |
|rows                           |  in |   32|  ap_stable |          rows          |    scalar    |
|cols                           |  in |   32|  ap_stable |          cols          |    scalar    |
|img_0_data_stream_0_din        | out |    8|   ap_fifo  |   img_0_data_stream_0  |    pointer   |
|img_0_data_stream_0_full_n     |  in |    1|   ap_fifo  |   img_0_data_stream_0  |    pointer   |
|img_0_data_stream_0_write      | out |    1|   ap_fifo  |   img_0_data_stream_0  |    pointer   |
|img_0_data_stream_1_din        | out |    8|   ap_fifo  |   img_0_data_stream_1  |    pointer   |
|img_0_data_stream_1_full_n     |  in |    1|   ap_fifo  |   img_0_data_stream_1  |    pointer   |
|img_0_data_stream_1_write      | out |    1|   ap_fifo  |   img_0_data_stream_1  |    pointer   |
|C_XR0C0                        |  in |   32|   ap_none  |         C_XR0C0        |    scalar    |
|C_XR0C1                        |  in |   32|   ap_none  |         C_XR0C1        |    scalar    |
|C_XR0C2                        |  in |   32|   ap_none  |         C_XR0C2        |    scalar    |
|C_XR1C0                        |  in |   32|   ap_none  |         C_XR1C0        |    scalar    |
|C_XR1C1                        |  in |   32|   ap_none  |         C_XR1C1        |    scalar    |
|C_XR1C2                        |  in |   32|   ap_none  |         C_XR1C2        |    scalar    |
|C_XR2C0                        |  in |   32|   ap_none  |         C_XR2C0        |    scalar    |
|C_XR2C1                        |  in |   32|   ap_none  |         C_XR2C1        |    scalar    |
|C_XR2C2                        |  in |   32|   ap_none  |         C_XR2C2        |    scalar    |
|C_YR0C0                        |  in |   32|   ap_none  |         C_YR0C0        |    scalar    |
|C_YR0C1                        |  in |   32|   ap_none  |         C_YR0C1        |    scalar    |
|C_YR0C2                        |  in |   32|   ap_none  |         C_YR0C2        |    scalar    |
|C_YR1C0                        |  in |   32|   ap_none  |         C_YR1C0        |    scalar    |
|C_YR1C1                        |  in |   32|   ap_none  |         C_YR1C1        |    scalar    |
|C_YR1C2                        |  in |   32|   ap_none  |         C_YR1C2        |    scalar    |
|C_YR2C0                        |  in |   32|   ap_none  |         C_YR2C0        |    scalar    |
|C_YR2C1                        |  in |   32|   ap_none  |         C_YR2C1        |    scalar    |
|c_high_thresh                  |  in |   32|   ap_none  |      c_high_thresh     |    scalar    |
|c_low_thresh                   |  in |   32|   ap_none  |      c_low_thresh      |    scalar    |
|c_invert                       |  in |   32|   ap_none  |        c_invert        |    scalar    |
|C_XR0C0_channel_din            | out |   32|   ap_fifo  |     C_XR0C0_channel    |    pointer   |
|C_XR0C0_channel_full_n         |  in |    1|   ap_fifo  |     C_XR0C0_channel    |    pointer   |
|C_XR0C0_channel_write          | out |    1|   ap_fifo  |     C_XR0C0_channel    |    pointer   |
|C_XR0C1_channel_din            | out |   32|   ap_fifo  |     C_XR0C1_channel    |    pointer   |
|C_XR0C1_channel_full_n         |  in |    1|   ap_fifo  |     C_XR0C1_channel    |    pointer   |
|C_XR0C1_channel_write          | out |    1|   ap_fifo  |     C_XR0C1_channel    |    pointer   |
|C_XR0C2_channel_din            | out |   32|   ap_fifo  |     C_XR0C2_channel    |    pointer   |
|C_XR0C2_channel_full_n         |  in |    1|   ap_fifo  |     C_XR0C2_channel    |    pointer   |
|C_XR0C2_channel_write          | out |    1|   ap_fifo  |     C_XR0C2_channel    |    pointer   |
|C_XR1C0_channel_din            | out |   32|   ap_fifo  |     C_XR1C0_channel    |    pointer   |
|C_XR1C0_channel_full_n         |  in |    1|   ap_fifo  |     C_XR1C0_channel    |    pointer   |
|C_XR1C0_channel_write          | out |    1|   ap_fifo  |     C_XR1C0_channel    |    pointer   |
|C_XR1C1_channel_din            | out |   32|   ap_fifo  |     C_XR1C1_channel    |    pointer   |
|C_XR1C1_channel_full_n         |  in |    1|   ap_fifo  |     C_XR1C1_channel    |    pointer   |
|C_XR1C1_channel_write          | out |    1|   ap_fifo  |     C_XR1C1_channel    |    pointer   |
|C_XR1C2_channel_din            | out |   32|   ap_fifo  |     C_XR1C2_channel    |    pointer   |
|C_XR1C2_channel_full_n         |  in |    1|   ap_fifo  |     C_XR1C2_channel    |    pointer   |
|C_XR1C2_channel_write          | out |    1|   ap_fifo  |     C_XR1C2_channel    |    pointer   |
|C_XR2C0_channel_din            | out |   32|   ap_fifo  |     C_XR2C0_channel    |    pointer   |
|C_XR2C0_channel_full_n         |  in |    1|   ap_fifo  |     C_XR2C0_channel    |    pointer   |
|C_XR2C0_channel_write          | out |    1|   ap_fifo  |     C_XR2C0_channel    |    pointer   |
|C_XR2C1_channel_din            | out |   32|   ap_fifo  |     C_XR2C1_channel    |    pointer   |
|C_XR2C1_channel_full_n         |  in |    1|   ap_fifo  |     C_XR2C1_channel    |    pointer   |
|C_XR2C1_channel_write          | out |    1|   ap_fifo  |     C_XR2C1_channel    |    pointer   |
|C_XR2C2_channel_din            | out |   32|   ap_fifo  |     C_XR2C2_channel    |    pointer   |
|C_XR2C2_channel_full_n         |  in |    1|   ap_fifo  |     C_XR2C2_channel    |    pointer   |
|C_XR2C2_channel_write          | out |    1|   ap_fifo  |     C_XR2C2_channel    |    pointer   |
|C_YR0C0_channel_din            | out |   32|   ap_fifo  |     C_YR0C0_channel    |    pointer   |
|C_YR0C0_channel_full_n         |  in |    1|   ap_fifo  |     C_YR0C0_channel    |    pointer   |
|C_YR0C0_channel_write          | out |    1|   ap_fifo  |     C_YR0C0_channel    |    pointer   |
|C_YR0C1_channel_din            | out |   32|   ap_fifo  |     C_YR0C1_channel    |    pointer   |
|C_YR0C1_channel_full_n         |  in |    1|   ap_fifo  |     C_YR0C1_channel    |    pointer   |
|C_YR0C1_channel_write          | out |    1|   ap_fifo  |     C_YR0C1_channel    |    pointer   |
|C_YR0C2_channel_din            | out |   32|   ap_fifo  |     C_YR0C2_channel    |    pointer   |
|C_YR0C2_channel_full_n         |  in |    1|   ap_fifo  |     C_YR0C2_channel    |    pointer   |
|C_YR0C2_channel_write          | out |    1|   ap_fifo  |     C_YR0C2_channel    |    pointer   |
|C_YR1C0_channel_din            | out |   32|   ap_fifo  |     C_YR1C0_channel    |    pointer   |
|C_YR1C0_channel_full_n         |  in |    1|   ap_fifo  |     C_YR1C0_channel    |    pointer   |
|C_YR1C0_channel_write          | out |    1|   ap_fifo  |     C_YR1C0_channel    |    pointer   |
|C_YR1C1_channel_din            | out |   32|   ap_fifo  |     C_YR1C1_channel    |    pointer   |
|C_YR1C1_channel_full_n         |  in |    1|   ap_fifo  |     C_YR1C1_channel    |    pointer   |
|C_YR1C1_channel_write          | out |    1|   ap_fifo  |     C_YR1C1_channel    |    pointer   |
|C_YR1C2_channel_din            | out |   32|   ap_fifo  |     C_YR1C2_channel    |    pointer   |
|C_YR1C2_channel_full_n         |  in |    1|   ap_fifo  |     C_YR1C2_channel    |    pointer   |
|C_YR1C2_channel_write          | out |    1|   ap_fifo  |     C_YR1C2_channel    |    pointer   |
|C_YR2C0_channel_din            | out |   32|   ap_fifo  |     C_YR2C0_channel    |    pointer   |
|C_YR2C0_channel_full_n         |  in |    1|   ap_fifo  |     C_YR2C0_channel    |    pointer   |
|C_YR2C0_channel_write          | out |    1|   ap_fifo  |     C_YR2C0_channel    |    pointer   |
|C_YR2C1_channel_din            | out |   32|   ap_fifo  |     C_YR2C1_channel    |    pointer   |
|C_YR2C1_channel_full_n         |  in |    1|   ap_fifo  |     C_YR2C1_channel    |    pointer   |
|C_YR2C1_channel_write          | out |    1|   ap_fifo  |     C_YR2C1_channel    |    pointer   |
|c_high_thresh_channe_din       | out |   32|   ap_fifo  |  c_high_thresh_channe  |    pointer   |
|c_high_thresh_channe_full_n    |  in |    1|   ap_fifo  |  c_high_thresh_channe  |    pointer   |
|c_high_thresh_channe_write     | out |    1|   ap_fifo  |  c_high_thresh_channe  |    pointer   |
|c_low_thresh_channel_1_din     | out |   32|   ap_fifo  | c_low_thresh_channel_1 |    pointer   |
|c_low_thresh_channel_1_full_n  |  in |    1|   ap_fifo  | c_low_thresh_channel_1 |    pointer   |
|c_low_thresh_channel_1_write   | out |    1|   ap_fifo  | c_low_thresh_channel_1 |    pointer   |
|c_invert_channel_din           | out |   32|   ap_fifo  |    c_invert_channel    |    pointer   |
|c_invert_channel_full_n        |  in |    1|   ap_fifo  |    c_invert_channel    |    pointer   |
|c_invert_channel_write         | out |    1|   ap_fifo  |    c_invert_channel    |    pointer   |
+-------------------------------+-----+-----+------------+------------------------+--------------+

