

================================================================
== Vivado HLS Report for 'Mat2AXIvideo'
================================================================
* Date:           Sat Dec  3 16:51:19 2016

* Version:        2016.3 (Build 1682563 on Mon Oct 10 19:41:59 MDT 2016)
* Project:        mysobel
* Solution:       solution1
* Product family: zynq
* Target device:  xc7z020clg484-1


================================================================
== Performance Estimates
================================================================
+ Timing (ns): 
    * Summary: 
    +--------+-------+----------+------------+
    |  Clock | Target| Estimated| Uncertainty|
    +--------+-------+----------+------------+
    |ap_clk  |  10.00|      4.38|        1.25|
    +--------+-------+----------+------------+

+ Latency (clock cycles): 
    * Summary: 
    +-----+---------+-----+---------+---------+
    |    Latency    |    Interval   | Pipeline|
    | min |   max   | min |   max   |   Type  |
    +-----+---------+-----+---------+---------+
    |    1|  2077921|    1|  2077921|   none  |
    +-----+---------+-----+---------+---------+

    + Detail: 
        * Instance: 
        N/A

        * Loop: 
        +---------------+-----+---------+----------+-----------+-----------+----------+----------+
        |               |    Latency    | Iteration|  Initiation Interval  |   Trip   |          |
        |   Loop Name   | min |   max   |  Latency |  achieved |   target  |   Count  | Pipelined|
        +---------------+-----+---------+----------+-----------+-----------+----------+----------+
        |- loop_height  |    0|  2077920| 3 ~ 1924 |          -|          -| 0 ~ 1080 |    no    |
        | + loop_width  |    0|     1921|         3|          1|          1| 0 ~ 1920 |    yes   |
        +---------------+-----+---------+----------+-----------+-----------+----------+----------+



================================================================
== Utilization Estimates
================================================================
* Summary: 
+-----------------+---------+-------+--------+-------+
|       Name      | BRAM_18K| DSP48E|   FF   |  LUT  |
+-----------------+---------+-------+--------+-------+
|DSP              |        -|      -|       -|      -|
|Expression       |        -|      -|       0|     56|
|FIFO             |        -|      -|       -|      -|
|Instance         |        -|      -|       -|      -|
|Memory           |        -|      -|       -|      -|
|Multiplexer      |        -|      -|       -|     59|
|Register         |        -|      -|     105|      -|
+-----------------+---------+-------+--------+-------+
|Total            |        0|      0|     105|    115|
+-----------------+---------+-------+--------+-------+
|Available        |      280|    220|  106400|  53200|
+-----------------+---------+-------+--------+-------+
|Utilization (%)  |        0|      0|   ~0   |   ~0  |
+-----------------+---------+-------+--------+-------+

+ Detail: 
    * Instance: 
    N/A

    * DSP48: 
    N/A

    * Memory: 
    N/A

    * FIFO: 
    N/A

    * Expression: 
    +-------------------------------------+----------+-------+---+----+------------+------------+
    |            Variable Name            | Operation| DSP48E| FF| LUT| Bitwidth P0| Bitwidth P1|
    +-------------------------------------+----------+-------+---+----+------------+------------+
    |i_V_fu_197_p2                        |     +    |      0|  0|  11|          11|           1|
    |j_V_fu_208_p2                        |     +    |      0|  0|  11|          11|           1|
    |r_V_fu_181_p2                        |     +    |      0|  0|  11|           2|          11|
    |video_out_V_data_V_1_load_A          |    and   |      0|  0|   1|           1|           1|
    |video_out_V_data_V_1_load_B          |    and   |      0|  0|   1|           1|           1|
    |video_out_V_last_V_1_load_A          |    and   |      0|  0|   1|           1|           1|
    |video_out_V_last_V_1_load_B          |    and   |      0|  0|   1|           1|           1|
    |video_out_V_user_V_1_load_A          |    and   |      0|  0|   1|           1|           1|
    |video_out_V_user_V_1_load_B          |    and   |      0|  0|   1|           1|           1|
    |axi_last_V_fu_214_p2                 |   icmp   |      0|  0|   4|          11|          11|
    |exitcond1_i_i_fu_192_p2              |   icmp   |      0|  0|   4|          11|          11|
    |exitcond_i_i_fu_203_p2               |   icmp   |      0|  0|   4|          11|          11|
    |video_out_V_data_V_1_state_cmp_full  |   icmp   |      0|  0|   1|           2|           1|
    |video_out_V_last_V_1_state_cmp_full  |   icmp   |      0|  0|   1|           2|           1|
    |video_out_V_user_V_1_state_cmp_full  |   icmp   |      0|  0|   1|           2|           1|
    |ap_condition_499                     |    or    |      0|  0|   1|           1|           1|
    |ap_condition_514                     |    or    |      0|  0|   1|           1|           1|
    +-------------------------------------+----------+-------+---+----+------------+------------+
    |Total                                |          |      0|  0|  56|          71|          57|
    +-------------------------------------+----------+-------+---+----+------------+------------+

    * Multiplexer: 
    +-------------------------------+----+-----------+-----+-----------+
    |              Name             | LUT| Input Size| Bits| Total Bits|
    +-------------------------------+----+-----------+-----+-----------+
    |ap_NS_fsm                      |   1|          5|    1|          5|
    |ap_enable_reg_pp0_iter2        |   1|          2|    1|          2|
    |img_1_data_stream_0_blk_n      |   1|          2|    1|          2|
    |img_1_data_stream_1_blk_n      |   1|          2|    1|          2|
    |p_1_i_i_reg_162                |  11|          2|   11|         22|
    |p_i_i_reg_151                  |  11|          2|   11|         22|
    |video_out_TDATA_blk_n          |   1|          2|    1|          2|
    |video_out_V_data_V_1_data_out  |  16|          2|   16|         32|
    |video_out_V_data_V_1_state     |   2|          3|    2|          6|
    |video_out_V_dest_V_1_state     |   2|          3|    2|          6|
    |video_out_V_id_V_1_state       |   2|          3|    2|          6|
    |video_out_V_keep_V_1_state     |   2|          3|    2|          6|
    |video_out_V_last_V_1_data_out  |   1|          2|    1|          2|
    |video_out_V_last_V_1_state     |   2|          3|    2|          6|
    |video_out_V_strb_V_1_state     |   2|          3|    2|          6|
    |video_out_V_user_V_1_data_out  |   1|          2|    1|          2|
    |video_out_V_user_V_1_state     |   2|          3|    2|          6|
    +-------------------------------+----+-----------+-----+-----------+
    |Total                          |  59|         44|   59|        135|
    +-------------------------------+----+-----------+-----+-----------+

    * Register: 
    +------------------------------------------------+----+----+-----+-----------+
    |                      Name                      | FF | LUT| Bits| Const Bits|
    +------------------------------------------------+----+----+-----+-----------+
    |ap_CS_fsm                                       |   4|   0|    4|          0|
    |ap_done_reg                                     |   1|   0|    1|          0|
    |ap_enable_reg_pp0_iter0                         |   1|   0|    1|          0|
    |ap_enable_reg_pp0_iter1                         |   1|   0|    1|          0|
    |ap_enable_reg_pp0_iter2                         |   1|   0|    1|          0|
    |ap_pipeline_reg_pp0_iter1_exitcond_i_i_reg_268  |   1|   0|    1|          0|
    |axi_last_V_reg_277                              |   1|   0|    1|          0|
    |exitcond_i_i_reg_268                            |   1|   0|    1|          0|
    |i_V_reg_263                                     |  11|   0|   11|          0|
    |p_1_i_i_reg_162                                 |  11|   0|   11|          0|
    |p_i_i_reg_151                                   |  11|   0|   11|          0|
    |tmp_user_V_fu_94                                |   1|   0|    1|          0|
    |video_out_V_data_V_1_payload_A                  |  16|   0|   16|          0|
    |video_out_V_data_V_1_payload_B                  |  16|   0|   16|          0|
    |video_out_V_data_V_1_sel_rd                     |   1|   0|    1|          0|
    |video_out_V_data_V_1_sel_wr                     |   1|   0|    1|          0|
    |video_out_V_data_V_1_state                      |   2|   0|    2|          0|
    |video_out_V_dest_V_1_sel_rd                     |   1|   0|    1|          0|
    |video_out_V_dest_V_1_state                      |   2|   0|    2|          0|
    |video_out_V_id_V_1_sel_rd                       |   1|   0|    1|          0|
    |video_out_V_id_V_1_state                        |   2|   0|    2|          0|
    |video_out_V_keep_V_1_sel_rd                     |   1|   0|    1|          0|
    |video_out_V_keep_V_1_state                      |   2|   0|    2|          0|
    |video_out_V_last_V_1_payload_A                  |   1|   0|    1|          0|
    |video_out_V_last_V_1_payload_B                  |   1|   0|    1|          0|
    |video_out_V_last_V_1_sel_rd                     |   1|   0|    1|          0|
    |video_out_V_last_V_1_sel_wr                     |   1|   0|    1|          0|
    |video_out_V_last_V_1_state                      |   2|   0|    2|          0|
    |video_out_V_strb_V_1_sel_rd                     |   1|   0|    1|          0|
    |video_out_V_strb_V_1_state                      |   2|   0|    2|          0|
    |video_out_V_user_V_1_payload_A                  |   1|   0|    1|          0|
    |video_out_V_user_V_1_payload_B                  |   1|   0|    1|          0|
    |video_out_V_user_V_1_sel_rd                     |   1|   0|    1|          0|
    |video_out_V_user_V_1_sel_wr                     |   1|   0|    1|          0|
    |video_out_V_user_V_1_state                      |   2|   0|    2|          0|
    +------------------------------------------------+----+----+-----+-----------+
    |Total                                           | 105|   0|  105|          0|
    +------------------------------------------------+----+----+-----+-----------+



================================================================
== Interface
================================================================
* Summary: 
+-----------------------------+-----+-----+------------+---------------------+--------------+
|          RTL Ports          | Dir | Bits|  Protocol  |    Source Object    |    C Type    |
+-----------------------------+-----+-----+------------+---------------------+--------------+
|ap_clk                       |  in |    1| ap_ctrl_hs |     Mat2AXIvideo    | return value |
|ap_rst                       |  in |    1| ap_ctrl_hs |     Mat2AXIvideo    | return value |
|ap_start                     |  in |    1| ap_ctrl_hs |     Mat2AXIvideo    | return value |
|ap_done                      | out |    1| ap_ctrl_hs |     Mat2AXIvideo    | return value |
|ap_continue                  |  in |    1| ap_ctrl_hs |     Mat2AXIvideo    | return value |
|ap_idle                      | out |    1| ap_ctrl_hs |     Mat2AXIvideo    | return value |
|ap_ready                     | out |    1| ap_ctrl_hs |     Mat2AXIvideo    | return value |
|rows                         |  in |   32|  ap_stable |         rows        |    scalar    |
|cols                         |  in |   32|  ap_stable |         cols        |    scalar    |
|img_1_data_stream_0_dout     |  in |    8|   ap_fifo  | img_1_data_stream_0 |    pointer   |
|img_1_data_stream_0_empty_n  |  in |    1|   ap_fifo  | img_1_data_stream_0 |    pointer   |
|img_1_data_stream_0_read     | out |    1|   ap_fifo  | img_1_data_stream_0 |    pointer   |
|img_1_data_stream_1_dout     |  in |    8|   ap_fifo  | img_1_data_stream_1 |    pointer   |
|img_1_data_stream_1_empty_n  |  in |    1|   ap_fifo  | img_1_data_stream_1 |    pointer   |
|img_1_data_stream_1_read     | out |    1|   ap_fifo  | img_1_data_stream_1 |    pointer   |
|video_out_TDATA              | out |   16|    axis    |  video_out_V_data_V |    pointer   |
|video_out_TVALID             | out |    1|    axis    |  video_out_V_dest_V |    pointer   |
|video_out_TREADY             |  in |    1|    axis    |  video_out_V_dest_V |    pointer   |
|video_out_TDEST              | out |    1|    axis    |  video_out_V_dest_V |    pointer   |
|video_out_TKEEP              | out |    2|    axis    |  video_out_V_keep_V |    pointer   |
|video_out_TSTRB              | out |    2|    axis    |  video_out_V_strb_V |    pointer   |
|video_out_TUSER              | out |    1|    axis    |  video_out_V_user_V |    pointer   |
|video_out_TLAST              | out |    1|    axis    |  video_out_V_last_V |    pointer   |
|video_out_TID                | out |    1|    axis    |   video_out_V_id_V  |    pointer   |
+-----------------------------+-----+-----+------------+---------------------+--------------+

