Copyright 1986-2016 Xilinx, Inc. All Rights Reserved.
------------------------------------------------------------------------------------
| Tool Version : Vivado v.2016.3 (lin64) Build 1682563 Mon Oct 10 19:07:26 MDT 2016
| Date         : Sun Nov 20 14:36:45 2016
| Host         : iaea-gft running 64-bit Ubuntu 16.04.1 LTS
| Command      : report_timing -file ./report/add_timing_synth.rpt
| Design       : add
| Device       : 7z020-clg484
| Speed File   : -1  PRODUCTION 1.11 2014-09-11
------------------------------------------------------------------------------------

Timing Report

Slack (MET) :             7.906ns  (required time - arrival time)
  Source:                 ap_rst_n
                            (input port)
  Destination:            s_axi_AXILiteS_ARREADY
  Path Group:             **default**
  Path Type:              Max at Slow Process Corner
  Requirement:            10.000ns  (MaxDelay Path 10.000ns)
  Data Path Delay:        2.094ns  (logic 0.148ns (7.068%)  route 1.946ns (92.932%))
  Logic Levels:           1  (LUT3=1)
  Output Delay:           0.000ns
  Timing Exception:       MaxDelay Path 10.000ns

    Location             Delay type                Incr(ns)  Path(ns)    Netlist Resource(s)
  -------------------------------------------------------------------    -------------------
                                                      0.000     0.000 r  ap_rst_n (IN)
                         net (fo=2, unset)            0.973     0.973    add_AXILiteS_s_axi_U/ap_rst_n
                         LUT3 (Prop_lut3_I0_O)        0.148     1.121 r  add_AXILiteS_s_axi_U/s_axi_AXILiteS_ARREADY_INST_0/O
                         net (fo=0)                   0.973     2.094    s_axi_AXILiteS_ARREADY
                                                                      r  s_axi_AXILiteS_ARREADY (OUT)
  -------------------------------------------------------------------    -------------------

                         max delay                   10.000    10.000    
                         clock pessimism              0.000    10.000    
                         output delay                -0.000    10.000    
  -------------------------------------------------------------------
                         required time                         10.000    
                         arrival time                          -2.094    
  -------------------------------------------------------------------
                         slack                                  7.906    




